1589
1
2
ehb-b 3
dab-b 1
2
3
dgc-c 1
dgj-c 1
fcd-c 1
3
2
bcb-d 1
ii-d 1
4
1
hic-e 1
5
2
bdjf-f 1
jbb-f 1
6
3
eie-g 2
gic-g 1
iee-g 1
7
1
bfa-h 1
8
2
gie-i 1
geg-i 1
9
2
fbj-j 1
heg-j 1
11
5
bee-bb 2
bcef-bb 1
bgf-bb 1
bcea-bb 1
cd-bb 1
12
2
dgf-bc 1
hbf-bc 1
13
2
cch-bd 1
bejh-bd 1
14
4
babg-be 1
fec-be 1
bbbj-be 1
beai-be 1
15
1
hi-bf 1
16
2
baae-bg 1
bdii-bg 1
17
2
ihi-bh 4
bgeh-bh 1
18
4
fic-bi 3
babg-bi 2
hej-bi 1
feh-bi 1
19
3
bdbf-bj 1
dhf-bj 1
hcj-bj 1
20
2
gjh-ca 1
dfg-ca 1
21
3
dcc-cb 1
did-cb 1
edb-cb 1
22
2
jgi-cc 1
dgf-cc 3
23
4
bhd-cd 1
gfa-cd 1
ffb-cd 1
dbg-cd 1
24
3
jag-ce 1
jgf-ce 1
ef-ce 1
25
2
eac-cf 1
def-cf 1
26
4
bd-cg 1
eh-cg 1
hhc-cg 1
chb-cg 1
27
1
dji-ch 1
28
4
hif-ci 1
bffg-ci 1
gbg-ci 1
hfh-ci 1
29
2
bfgd-cj 1
fbi-cj 1
30
7
eej-da 1
bhd-da 1
bdf-da 1
beib-da 1
gda-da 1
fai-da 1
bcei-da 1
31
5
cfj-db 1
cd-db 1
cbh-db 1
gi-db 1
bbde-db 2
32
5
iej-dc 8
ecg-dc 1
iag-dc 1
bbgj-dc 1
ifh-dc 1
33
1
babg-dd 1
35
5
bfgb-df 1
igi-df 1
ibf-df 1
gc-df 1
iei-df 1
36
7
hah-dg 1
bgfe-dg 1
bcii-dg 1
bebe-dg 1
bcag-dg 1
cee-dg 1
bdfc-dg 1
37
3
bagf-dh 2
hha-dh 1
gcd-dh 1
38
1
haf-di 1
39
1
ef-dj 1
40
4
eee-ea 1
jff-ea 1
jjh-ea 1
fda-ea 3
41
3
bbfc-eb 1
cdi-eb 1
hac-eb 1
42
3
fi-ec 1
fc-ec 1
cdc-ec 1
43
4
bfdc-ed 1
bcia-ed 1
eb-ed 1
ech-ed 1
44
1
cfb-ee 1
45
4
beeh-ef 1
ige-ef 1
cih-ef 1
cij-ef 1
46
3
ffd-eg 1
ggg-eg 1
cbg-eg 1
47
5
bbei-eh 1
gdh-eh 1
bbfg-eh 1
bjb-eh 1
fdd-eh 1
48
2
bcjf-ei 1
jfj-ei 1
49
2
baig-ej 3
cd-ej 1
50
4
dhe-fa 1
jji-fa 1
bc-fa 1
bcb-fa 1
51
2
dfa-fb 1
bdc-fb 1
52
4
bfch-fc 1
bcj-fc 1
eab-fc 1
fif-fc 1
53
1
dhe-fd 1
54
1
jic-fe 1
55
3
gb-ff 1
bed-ff 1
cje-ff 1
56
1
bfaf-fg 1
57
2
bejb-fh 1
bdb-fh 1
58
3
fg-fi 1
bfdg-fi 1
hee-fi 1
59
2
dbg-fj 2
ifd-fj 1
60
2
bi-ga 1
fga-ga 1
61
2
bbeb-gb 1
bbjc-gb 1
62
4
gge-gc 1
eie-gc 1
bdfa-gc 1
j-gc 1
63
5
cfj-gd 1
dai-gd 1
bfgc-gd 1
daj-gd 1
icd-gd 1
64
1
g-ge 1
65
1
cgh-gf 1
66
5
bfjf-gg 6
jhg-gg 1
jdj-gg 1
idf-gg 1
cdh-gg 3
67
1
bddh-gh 1
68
3
ch-gi 1
bcff-gi 4
cbe-gi 1
69
3
baad-gj 1
edh-gj 4
gjj-gj 1
70
3
bda-ha 1
db-ha 1
ecc-ha 1
71
2
efh-hb 1
iaa-hb 1
72
2
ejc-hc 1
dbf-hc 1
74
5
bcjc-he 1
bebb-he 1
bcd-he 1
bgi-he 1
hc-he 1
75
3
hie-hf 1
bdbc-hf 2
dah-hf 1
76
4
cgj-hg 1
dfj-hg 1
bja-hg 1
gbd-hg 1
77
4
cae-hh 1
gcj-hh 1
beic-hh 1
bjb-hh 1
78
3
iba-hi 1
ihf-hi 1
baec-hi 1
79
2
gfg-hj 1
jfc-hj 1
80
2
bfeh-ia 1
bdjd-ia 1
81
2
gia-ib 1
ghd-ib 1
82
1
bedh-ic 1
83
2
gbg-id 2
eab-id 1
84
3
eeh-ie 1
haj-ie 1
dej-ie 1
85
2
bcge-if 1
bfce-if 1
87
2
cgh-ih 1
bcfj-ih 1
88
5
bacj-ii 1
chf-ii 1
dgc-ii 1
eig-ii 1
bgfi-ii 1
89
2
bcd-ij 1
ife-ij 1
90
1
hij-ja 1
91
1
bhe-jb 1
92
6
gii-jc 1
bbjg-jc 6
babi-jc 10
hj-jc 1
gbe-jc 1
fci-jc 1
93
2
cae-jd 4
fhj-jd 1
94
6
gdf-je 1
bfc-je 1
fcf-je 1
bbi-je 1
bfgb-je 1
bi-je 1
95
1
iae-jf 1
96
3
ec-jg 1
daf-jg 1
beb-jg 1
97
4
bbfg-jh 4
hib-jh 1
dai-jh 1
bcbf-jh 1
98
4
bdjh-ji 1
beaa-ji 1
bccj-ji 1
idd-ji 1
99
3
dej-jj 1
fgf-jj 1
bcee-jj 1
100
4
bfg-baa 1
fhg-baa 1
dig-baa 1
efg-baa 1
101
4
ede-bab 1
chf-bab 1
jhg-bab 1
eic-bab 1
102
3
bfe-bac 1
hj-bac 1
gja-bac 1
103
3
bfi-bad 1
bha-bad 1
jid-bad 1
104
4
cd-bae 1
ceg-bae 1
dgj-bae 1
bdga-bae 1
105
3
cj-baf 1
bcb-baf 1
bdbh-baf 1
106
4
bbfi-bag 1
bfce-bag 1
fic-bag 1
dad-bag 1
107
6
deg-bah 1
ddf-bah 1
bbcc-bah 1
hbf-bah 1
gjh-bah 1
ifd-bah 1
108
2
bda-bai 1
cfj-bai 1
109
2
chf-baj 1
eg-baj 1
110
3
hi-bba 1
gdc-bba 1
fbe-bba 1
111
3
fdh-bbb 1
d-bbb 1
edb-bbb 1
112
3
chf-bbc 2
jje-bbc 1
dgb-bbc 1
114
3
cb-bbe 1
cie-bbe 3
ehd-bbe 1
115
3
bei-bbf 1
bage-bbf 1
dfc-bbf 1
116
6
eg-bbg 1
gdc-bbg 1
iff-bbg 1
bbbj-bbg 1
cbd-bbg 1
eba-bbg 1
117
3
bacc-bbh 4
gjh-bbh 1
ehi-bbh 1
118
5
gfd-bbi 1
beb-bbi 1
bech-bbi 1
beeh-bbi 5
cbb-bbi 1
119
5
fag-bbj 9
eh-bbj 1
bbag-bbj 1
ige-bbj 1
baja-bbj 1
120
5
gaf-bca 1
eae-bca 1
cc-bca 1
cji-bca 1
gae-bca 1
121
3
fba-bcb 1
bbgc-bcb 1
bbdg-bcb 1
122
5
jg-bcc 1
bbab-bcc 1
bbff-bcc 2
bebg-bcc 1
hgb-bcc 1
123
3
ddj-bcd 1
jec-bcd 1
eed-bcd 2
124
8
bb-bce 1
gef-bce 1
edi-bce 1
fed-bce 1
bagd-bce 1
bi-bce 1
gc-bce 1
ccc-bce 1
125
2
cea-bcf 1
ddj-bcf 1
126
3
dbg-bcg 1
g-bcg 1
bhj-bcg 2
127
4
bgbf-bch 1
gad-bch 1
ecb-bch 1
fbh-bch 1
128
6
bbhe-bci 3
bagb-bci 1
bbf-bci 1
bbc-bci 1
bcbc-bci 1
fag-bci 1
129
3
iff-bcj 5
cjh-bcj 1
icj-bcj 1
130
5
ffa-bda 2
dhg-bda 1
ia-bda 1
eh-bda 1
dfj-bda 1
131
6
deh-bdb 1
efd-bdb 1
cda-bdb 1
jbg-bdb 1
djh-bdb 1
bfc-bdb 1
132
9
bfea-bdc 1
bec-bdc 1
fdc-bdc 1
bbfe-bdc 1
bbjh-bdc 1
fee-bdc 1
jbg-bdc 1
bbah-bdc 1
cfc-bdc 1
133
3
bece-bdd 1
bcgc-bdd 3
bjf-bdd 1
134
3
gge-bde 1
bba-bde 1
iah-bde 1
135
4
gbf-bdf 1
gea-bdf 1
bbab-bdf 1
hcg-bdf 1
136
4
bahh-bdg 2
bbij-bdg 1
cha-bdg 1
jdg-bdg 1
137
4
ce-bdh 1
edg-bdh 1
feh-bdh 1
jjg-bdh 1
138
4
iic-bdi 2
gci-bdi 1
jbe-bdi 1
bffi-bdi 1
139
5
igg-bdj 1
hhc-bdj 1
geh-bdj 1
jfe-bdj 1
bbbh-bdj 1
140
3
dgc-bea 1
fif-bea 1
dgb-bea 1
141
5
hia-beb 1
fe-beb 1
edh-beb 1
dci-beb 1
djg-beb 1
142
7
bdei-bec 1
eei-bec 1
hj-bec 1
hea-bec 1
ii-bec 1
bdh-bec 1
ica-bec 1
143
4
cd-bed 2
ica-bed 1
feh-bed 1
begd-bed 1
144
4
gjd-bee 1
bgbe-bee 9
bbej-bee 1
dfg-bee 1
145
2
dai-bef 1
fgj-bef 1
146
4
fei-beg 1
ea-beg 1
bef-beg 1
bja-beg 1
147
7
bab-beh 1
cia-beh 1
ccg-beh 1
ieh-beh 1
hi-beh 1
gdd-beh 1
jbj-beh 1
148
5
fge-bei 1
becg-bei 1
bcgi-bei 1
jbi-bei 1
jca-bei 1
149
3
bdb-bej 1
fif-bej 4
bec-bej 1
150
3
egg-bfa 1
ddd-bfa 1
cjd-bfa 1
151
2
bdji-bfb 1
fda-bfb 1
152
6
cei-bfc 1
gbi-bfc 1
bafi-bfc 1
fcb-bfc 1
dcb-bfc 2
ifh-bfc 1
153
2
haa-bfd 1
jgi-bfd 2
154
5
dch-bfe 1
baea-bfe 1
cgh-bfe 1
hff-bfe 1
gbc-bfe 1
155
3
eec-bff 1
bcie-bff 1
gfe-bff 1
156
3
hj-bfg 1
hhe-bfg 1
bgac-bfg 1
157
2
bae-bfh 1
eaa-bfh 1
158
5
gaa-bfi 6
ich-bfi 1
bgci-bfi 10
idg-bfi 1
jhe-bfi 1
159
4
bii-bfj 1
jjj-bfj 3
gif-bfj 1
ded-bfj 1
160
2
hbd-bga 3
efe-bga 1
161
3
cgc-bgb 1
hea-bgb 1
bedd-bgb 1
162
2
cgd-bgc 1
bdeh-bgc 1
163
3
bgdh-bgd 1
gd-bgd 1
edg-bgd 1
164
1
hci-bge 1
165
1
iaa-bgf 1
166
5
bcaa-bgg 1
heh-bgg 1
babe-bgg 1
ehg-bgg 1
bdde-bgg 1
167
5
bfgh-bgh 1
cej-bgh 2
dbg-bgh 1
be-bgh 1
cgg-bgh 1
168
6
dda-bgi 1
baa-bgi 1
bhh-bgi 1
eij-bgi 1
daj-bgi 1
cbi-bgi 1
169
4
bffe-bgj 1
hbh-bgj 1
djh-bgj 1
hch-bgj 2
170
2
gi-bha 1
ddd-bha 1
171
5
fcb-bhb 1
hhd-bhb 1
bfbi-bhb 1
ih-bhb 1
cda-bhb 1
172
5
bbfd-bhc 1
gfg-bhc 1
bfe-bhc 1
bagf-bhc 1
edf-bhc 1
173
2
hj-bhd 1
eed-bhd 1
174
3
daa-bhe 2
ebi-bhe 1
cfe-bhe 1
175
5
bci-bhf 1
ech-bhf 3
ca-bhf 1
dgi-bhf 1
jga-bhf 1
176
6
bci-bhg 1
baf-bhg 1
cdi-bhg 1
iga-bhg 1
cfi-bhg 1
babb-bhg 1
177
3
cch-bhh 1
bai-bhh 1
efe-bhh 1
178
4
gbb-bhi 1
eaj-bhi 1
cdb-bhi 1
ibh-bhi 1
179
4
bafb-bhj 1
ghd-bhj 1
hg-bhj 1
cb-bhj 1
180
2
hi-bia 1
cch-bia 1
181
1
eae-bib 3
182
1
baa-bic 1
183
3
beh-bid 1
bef-bid 1
bajd-bid 1
184
6
bde-bie 3
bbc-bie 1
bcai-bie 1
dbe-bie 1
eig-bie 1
hdd-bie 1
185
3
bgcg-bif 3
babf-bif 1
cji-bif 1
186
1
deg-big 1
187
3
bcff-bih 1
hef-bih 1
dcf-bih 1
188
4
bcej-bii 1
bga-bii 1
dfa-bii 1
ejd-bii 1
189
6
ba-bij 1
cia-bij 1
cha-bij 1
gfi-bij 1
eab-bij 1
bcj-bij 1
190
2
dca-bja 2
ded-bja 1
191
4
bcdb-bjb 1
db-bjb 1
bbee-bjb 1
fed-bjb 1
192
4
ggh-bjc 1
bagc-bjc 1
baad-bjc 1
ibe-bjc 1
193
3
ghb-bjd 1
hdg-bjd 1
bij-bjd 1
194
2
ecd-bje 1
cga-bje 1
195
5
bccc-bjf 1
baff-bjf 14
ecg-bjf 1
hii-bjf 1
hic-bjf 2
196
2
cec-bjg 1
df-bjg 1
197
4
gfd-bjh 1
bcb-bjh 1
jeb-bjh 1
cd-bjh 1
198
1
beeb-bji 1
199
3
gci-bjj 1
jhe-bjj 1
baad-bjj 4
200
3
ecb-caa 1
djj-caa 1
bafd-caa 1
201
5
cjd-cab 1
daf-cab 1
bdg-cab 1
jbg-cab 1
bef-cab 1
202
5
bbdh-cac 1
dbf-cac 1
cgd-cac 1
djc-cac 1
fid-cac 1
203
1
icg-cad 1
204
7
bea-cae 1
bccg-cae 1
chb-cae 1
bcb-cae 1
jcd-cae 1
cci-cae 1
hhb-cae 1
205
2
gag-caf 1
bafb-caf 1
206
3
cie-cag 4
fbi-cag 1
ebb-cag 4
207
5
fde-cah 1
bebe-cah 1
fac-cah 1
bahc-cah 1
ih-cah 1
209
3
eji-caj 1
ghh-caj 1
jh-caj 1
210
4
bbjf-cba 4
bgdd-cba 3
bfi-cba 1
bccb-cba 1
211
2
be-cbb 1
ihc-cbb 1
212
2
efg-cbc 1
bcdg-cbc 1
213
6
eag-cbd 1
jej-cbd 1
jfc-cbd 14
bif-cbd 1
bcdc-cbd 1
cec-cbd 1
214
1
bbcc-cbe 1
215
1
bff-cbf 1
216
4
hjj-cbg 1
bbfi-cbg 1
bdg-cbg 1
becj-cbg 1
217
1
bhi-cbh 1
218
1
ede-cbi 1
219
3
gjj-cbj 1
hi-cbj 1
db-cbj 1
220
5
bbi-cca 1
ehi-cca 1
ihg-cca 1
eea-cca 1
bbdb-cca 1
221
3
ejj-ccb 1
ddd-ccb 1
jeh-ccb 3
222
3
eag-ccc 2
jfh-ccc 1
bcda-ccc 1
223
5
eae-ccd 1
feh-ccd 1
ecd-ccd 1
bajb-ccd 1
cjf-ccd 1
224
1
bceh-cce 1
225
5
jeg-ccf 1
ihi-ccf 11
dca-ccf 1
ga-ccf 2
hcc-ccf 1
226
3
ide-ccg 1
bih-ccg 1
hjh-ccg 1
227
3
baaf-cch 1
ice-cch 1
egd-cch 1
228
2
bbfd-cci 1
bgbg-cci 1
229
4
cch-ccj 1
hji-ccj 1
gdf-ccj 1
eeb-ccj 1
230
2
dd-cda 1
ejd-cda 1
231
4
jaa-cdb 1
ejg-cdb 2
bff-cdb 1
fcf-cdb 1
232
5
eb-cdc 1
ccj-cdc 1
ddj-cdc 1
fad-cdc 1
gac-cdc 1
233
2
db-cdd 1
bebi-cdd 1
234
5
bjb-cde 1
hhb-cde 1
gge-cde 1
bi-cde 1
bdia-cde 1
235
4
dfa-cdf 1
fjc-cdf 7
bhj-cdf 1
badh-cdf 1
236
6
bdf-cdg 1
cid-cdg 1
gcf-cdg 1
eif-cdg 1
bfjd-cdg 1
dff-cdg 6
237
2
gfd-cdh 1
bbja-cdh 1
238
3
beha-cdi 1
j-cdi 1
jbc-cdi 1
239
2
ega-cdj 1
hgg-cdj 1
240
6
cfi-cea 1
che-cea 1
be-cea 1
gbi-cea 1
cac-cea 1
jaj-cea 1
241
4
bdea-ceb 8
cii-ceb 1
dhh-ceb 1
bfj-ceb 1
242
2
bad-cec 1
bajb-cec 1
243
3
cah-ced 2
efg-ced 1
bbgc-ced 1
244
3
eej-cee 1
ic-cee 1
jhc-cee 1
245
4
bbec-cef 1
dab-cef 1
bha-cef 1
bfi-cef 1
246
4
iag-ceg 1
bfa-ceg 2
gdg-ceg 3
cah-ceg 1
247
1
gdd-ceh 1
248
4
fhi-cei 1
ddf-cei 1
bfb-cei 1
dgf-cei 1
249
5
bh-cej 2
bbeg-cej 1
ef-cej 1
bbee-cej 1
dif-cej 1
250
5
gei-cfa 1
hdi-cfa 1
bdhb-cfa 2
eb-cfa 1
ice-cfa 1
251
4
fhe-cfb 1
baga-cfb 1
fgg-cfb 1
g-cfb 1
252
3
ieg-cfc 1
eca-cfc 1
gef-cfc 1
253
3
geb-cfd 1
bchd-cfd 1
cje-cfd 1
254
1
ijc-cfe 1
255
4
bafc-cff 1
ejg-cff 1
egj-cff 1
hda-cff 1
256
4
bbdg-cfg 1
ej-cfg 1
bfdb-cfg 1
gic-cfg 1
257
4
fjh-cfh 1
bee-cfh 1
cie-cfh 10
bbee-cfh 1
258
4
badf-cfi 1
bcfi-cfi 2
chd-cfi 1
dhi-cfi 1
259
3
beb-cfj 1
fh-cfj 1
cfi-cfj 1
260
4
bhb-cga 1
chj-cga 1
chf-cga 1
bcjf-cga 1
261
3
da-cgb 1
deb-cgb 1
gdf-cgb 1
262
5
ica-cgc 1
hfc-cgc 1
fji-cgc 1
ee-cgc 1
hdb-cgc 1
263
3
dcf-cgd 1
bafd-cgd 1
bafi-cgd 1
264
3
bba-cge 1
cci-cge 1
bfc-cge 1
265
3
fcc-cgf 1
bgbh-cgf 1
ibe-cgf 1
266
3
bii-cgg 1
bdh-cgg 1
fhc-cgg 1
267
5
babb-cgh 1
hc-cgh 1
cag-cgh 2
hif-cgh 1
bdhc-cgh 13
268
5
baaa-cgi 3
daf-cgi 1
djh-cgi 1
fdh-cgi 1
ia-cgi 1
269
2
eag-cgj 1
ifi-cgj 1
270
5
dcb-cha 1
gfh-cha 1
bhi-cha 1
egj-cha 1
ged-cha 1
271
3
fff-chb 1
eci-chb 4
bcbi-chb 1
272
4
hba-chc 1
jfb-chc 1
jhd-chc 1
bbfj-chc 1
273
3
bfbg-chd 1
ebh-chd 1
cjc-chd 1
274
1
befj-che 1
275
4
eca-chf 4
fch-chf 1
did-chf 1
hfb-chf 1
276
3
hja-chg 1
iab-chg 1
edh-chg 1
278
5
hga-chi 1
ibj-chi 1
bbc-chi 3
bbea-chi 1
jeh-chi 1
279
4
bgh-chj 1
fg-chj 1
jg-chj 1
hhi-chj 1
280
4
jej-cia 1
cce-cia 1
eie-cia 1
jj-cia 1
281
5
bcce-cib 1
bdhb-cib 1
bdhh-cib 1
eha-cib 2
hh-cib 1
282
1
dhi-cic 1
283
7
fcf-cid 1
ehb-cid 1
dfd-cid 1
cjb-cid 2
cab-cid 1
hgg-cid 1
bdh-cid 1
284
2
jfi-cie 10
gg-cie 6
285
6
bcja-cif 6
idd-cif 1
dae-cif 1
dgb-cif 1
gfe-cif 1
baed-cif 1
286
4
hbj-cig 1
eef-cig 1
dge-cig 1
bbac-cig 1
287
1
icg-cih 1
288
5
cah-cii 1
gc-cii 1
ggd-cii 1
baha-cii 1
dad-cii 1
289
2
bgi-cij 1
dgf-cij 1
290
4
hcj-cja 1
ehg-cja 1
ead-cja 1
bcaa-cja 1
291
3
beba-cjb 1
bagh-cjb 1
jbi-cjb 1
292
4
bfgi-cjc 2
bada-cjc 1
bcih-cjc 1
db-cjc 1
293
1
bdaa-cjd 1
294
2
bbi-cje 4
cea-cje 1
295
2
dba-cjf 1
cgb-cjf 1
297
1
jfd-cjh 1
298
3
hbd-cji 1
bdce-cji 1
bee-cji 1
299
4
jah-cjj 2
bfeb-cjj 1
fci-cjj 1
bgh-cjj 1
300
4
jjb-daa 1
ih-daa 1
bfde-daa 1
bbhc-daa 1
301
2
bef-dab 1
hi-dab 2
302
3
bgi-dac 1
iid-dac 1
dce-dac 1
303
3
gfd-dad 1
gcb-dad 1
gfe-dad 1
304
3
bcib-dae 4
fce-dae 1
baaa-dae 1
305
5
badi-daf 3
bdcb-daf 3
fbb-daf 2
jae-daf 1
cha-daf 1
306
1
eb-dag 1
307
3
ggg-dah 1
ihj-dah 1
ehc-dah 1
308
2
bafa-dai 1
bchi-dai 1
309
6
fae-daj 1
geh-daj 1
fhj-daj 1
dce-daj 1
dhe-daj 1
ebb-daj 1
310
3
hhj-dba 1
bff-dba 1
gdh-dba 1
311
3
dfc-dbb 1
eaa-dbb 6
cjb-dbb 1
312
2
hca-dbc 1
dah-dbc 1
313
3
gcb-dbd 1
bfg-dbd 1
bdjf-dbd 1
314
3
bcaf-dbe 1
dac-dbe 1
dfh-dbe 1
315
4
gdc-dbf 1
gib-dbf 15
baad-dbf 1
eid-dbf 1
316
3
iag-dbg 3
dab-dbg 1
ffg-dbg 1
317
2
fha-dbh 1
caa-dbh 1
318
4
eia-dbi 1
edd-dbi 1
fah-dbi 1
bcaa-dbi 1
319
3
gjf-dbj 1
dhd-dbj 1
bb-dbj 1
320
5
a-dca 1
bdii-dca 1
jbi-dca 3
bda-dca 1
badg-dca 1
321
5
fi-dcb 1
eda-dcb 1
efg-dcb 1
gbj-dcb 1
gad-dcb 1
322
7
fbb-dcc 1
chf-dcc 1
jah-dcc 2
ddf-dcc 1
di-dcc 1
heg-dcc 1
gdi-dcc 1
323
3
cfg-dcd 3
cg-dcd 1
gda-dcd 1
324
2
ebg-dce 1
jef-dce 4
325
4
bbja-dcf 1
bhe-dcf 1
cgb-dcf 1
fea-dcf 1
326
2
cd-dcg 1
dca-dcg 1
327
3
dh-dch 1
jai-dch 2
bdgc-dch 1
328
4
bcef-dci 1
ddg-dci 1
ehi-dci 1
dae-dci 1
329
2
jcg-dcj 1
begb-dcj 1
330
3
bjj-dda 1
dai-dda 1
cea-dda 1
331
2
bbdj-ddb 1
ddd-ddb 1
332
4
bfjb-ddc 1
dac-ddc 1
ia-ddc 1
bja-ddc 1
333
2
beef-ddd 1
bci-ddd 1
334
7
fbe-dde 1
bbj-dde 1
d-dde 1
ghh-dde 1
ejf-dde 1
ifj-dde 1
dbe-dde 1
335
7
fcf-ddf 1
bei-ddf 1
jh-ddf 1
eij-ddf 1
id-ddf 1
chf-ddf 1
eb-ddf 1
336
2
cgc-ddg 2
eid-ddg 1
337
3
ef-ddh 1
baa-ddh 1
ech-ddh 1
338
5
ehd-ddi 1
fib-ddi 1
bjc-ddi 1
ef-ddi 1
cfa-ddi 1
339
4
ecg-ddj 3
ihj-ddj 1
dia-ddj 1
haa-ddj 1
340
6
ejd-dea 1
ief-dea 1
dia-dea 1
bgi-dea 1
ebe-dea 1
edh-dea 1
341
4
hgj-deb 1
cbi-deb 2
fei-deb 1
hfg-deb 1
342
3
bcgh-dec 1
bfg-dec 1
fdc-dec 1
343
4
ddc-ded 1
ihf-ded 1
gij-ded 1
jab-ded 1
344
3
fji-dee 1
cia-dee 1
dej-dee 1
345
2
ceb-def 1
jfi-def 1
346
3
fhd-deg 1
eec-deg 1
hia-deg 1
347
3
iji-deh 1
ifa-deh 1
dj-deh 1
348
1
fif-dei 1
349
4
bcah-dej 15
fda-dej 1
dif-dej 1
babg-dej 1
350
5
ege-dfa 1
fie-dfa 1
eai-dfa 1
bfb-dfa 1
hab-dfa 1
351
1
e-dfb 1
352
4
fgg-dfc 1
ca-dfc 1
fgj-dfc 1
eb-dfc 1
353
4
idj-dfd 1
da-dfd 1
bga-dfd 1
bfcc-dfd 1
354
3
baac-dfe 4
ejd-dfe 1
ii-dfe 1
355
5
heg-dff 1
jha-dff 1
gie-dff 2
ife-dff 1
hii-dff 3
356
3
cdj-dfg 1
eib-dfg 2
dhf-dfg 1
357
5
fee-dfh 1
beci-dfh 1
fhb-dfh 1
hg-dfh 1
bbcb-dfh 1
358
2
egd-dfi 3
hgh-dfi 11
359
3
eb-dfj 1
bbah-dfj 1
ejd-dfj 1
360
3
bcdg-dga 1
fff-dga 1
cb-dga 1
361
1
bcae-dgb 1
362
4
bdbb-dgc 1
jic-dgc 3
bc-dgc 1
fib-dgc 1
363
7
bajj-dgd 1
ebc-dgd 1
bfa-dgd 1
feh-dgd 1
ifb-dgd 1
bbjf-dgd 1
badi-dgd 1
364
5
bccf-dge 1
beaa-dge 1
hcj-dge 1
dc-dge 1
ef-dge 1
365
3
bffd-dgf 1
jfj-dgf 1
bbba-dgf 1
366
2
bced-dgg 1
bg-dgg 1
367
1
idi-dgh 1
368
3
bbf-dgi 1
ibf-dgi 1
deb-dgi 1
369
4
gg-dgj 1
ghb-dgj 1
bea-dgj 3
bcab-dgj 1
370
2
dji-dha 1
jhi-dha 1
371
3
ebh-dhb 1
bajb-dhb 1
d-dhb 1
372
6
bbce-dhc 2
bdab-dhc 1
jii-dhc 1
bbed-dhc 1
dbg-dhc 12
dfg-dhc 1
373
5
baeg-dhd 1
ije-dhd 1
dgh-dhd 1
cdi-dhd 1
hfh-dhd 1
374
5
dca-dhe 1
bbhb-dhe 1
bbii-dhe 1
bbhi-dhe 1
ieg-dhe 1
375
3
baga-dhf 1
cjd-dhf 1
ebj-dhf 1
376
4
bfe-dhg 3
beab-dhg 1
begf-dhg 1
ida-dhg 1
377
4
bdac-dhh 1
bbb-dhh 1
bbh-dhh 1
dgf-dhh 1
378
4
ihg-dhi 1
fjf-dhi 1
bcab-dhi 1
fhf-dhi 1
379
5
ddj-dhj 1
fce-dhj 1
icc-dhj 1
idf-dhj 1
begh-dhj 1
380
2
ecg-dia 10
hge-dia 1
381
3
bgg-dib 3
dhj-dib 1
ffd-dib 1
382
4
hhd-dic 1
fh-dic 1
jff-dic 1
edj-dic 1
383
5
hid-did 1
dhg-did 1
ccj-did 1
bab-did 1
eii-did 1
384
5
fac-die 1
baag-die 2
jeb-die 1
fea-die 1
fig-die 1
385
1
bbdh-dif 1
386
3
hih-dig 1
edj-dig 1
fcd-dig 1
387
2
fdg-dih 1
bbjg-dih 3
388
2
bage-dii 2
bdeg-dii 1
389
5
hhe-dij 1
bacf-dij 1
eai-dij 1
ici-dij 11
cga-dij 1
390
1
bdhi-dja 1
391
2
jjj-djb 1
eee-djb 1
392
3
dba-djc 1
ddi-djc 1
jaj-djc 1
393
4
cie-djd 1
ifd-djd 1
bejh-djd 1
jif-djd 1
394
3
bbj-dje 1
hag-dje 1
beaj-dje 2
395
1
eha-djf 1
396
4
bceg-djg 3
hca-djg 1
efi-djg 1
cji-djg 1
397
7
beca-djh 1
cjc-djh 4
gai-djh 1
gdg-djh 1
bif-djh 1
ebi-djh 1
bdef-djh 2
398
3
hhj-dji 1
cic-dji 1
bahj-dji 1
399
3
dec-djj 1
jib-djj 1
bbc-djj 4
400
4
hjj-eaa 2
bee-eaa 14
eji-eaa 1
jbb-eaa 1
401
3
bbga-eab 1
bdha-eab 1
chi-eab 1
402
4
jhi-eac 1
cej-eac 2
bagg-eac 1
bcc-eac 1
403
2
dce-ead 1
caf-ead 1
404
6
bic-eae 1
icb-eae 14
gdc-eae 1
edd-eae 1
fed-eae 1
fhi-eae 1
405
3
fde-eaf 1
jc-eaf 1
fgj-eaf 1
406
4
hea-eag 1
hgb-eag 1
ca-eag 1
gff-eag 1
407
4
bbcf-eah 13
eca-eah 2
bcaj-eah 1
gdj-eah 1
408
4
be-eai 1
efh-eai 1
bbec-eai 1
ffa-eai 1
409
2
eae-eaj 1
beec-eaj 1
410
5
bebc-eba 1
feb-eba 1
gih-eba 1
bif-eba 4
cee-eba 1
411
6
ffd-ebb 1
ggb-ebb 1
beb-ebb 1
iij-ebb 1
fff-ebb 1
fac-ebb 1
412
2
baej-ebc 2
bjg-ebc 1
413
7
badb-ebd 1
ejb-ebd 1
dgi-ebd 1
bdae-ebd 2
bcce-ebd 1
had-ebd 1
cag-ebd 1
414
3
bfhc-ebe 1
ebb-ebe 1
df-ebe 1
416
2
fga-ebg 1
ghg-ebg 1
417
3
icg-ebh 3
bahf-ebh 1
hdg-ebh 1
418
2
hfe-ebi 1
ebc-ebi 1
419
4
jgc-ebj 2
ehi-ebj 1
ghd-ebj 1
djj-ebj 1
420
3
jga-eca 6
eh-eca 2
dbf-eca 1
421
1
bchc-ecb 1
422
7
bdie-ecc 1
bdch-ecc 3
cd-ecc 1
edi-ecc 1
babd-ecc 1
idf-ecc 1
fbe-ecc 1
423
3
dha-ecd 1
fba-ecd 1
jfj-ecd 6
424
3
ici-ece 1
eaa-ece 1
ecd-ece 1
425
3
cib-ecf 1
beh-ecf 1
dgb-ecf 1
426
3
bcca-ecg 9
fbc-ecg 1
dfa-ecg 1
427
3
dbh-ech 1
hcd-ech 5
jjc-ech 1
428
4
jac-eci 1
hcg-eci 1
cei-eci 1
dh-eci 1
429
1
ihi-ecj 1
430
5
bdcg-eda 1
dhf-eda 1
igj-eda 1
bbdb-eda 1
hbd-eda 1
431
5
gdd-edb 1
fb-edb 1
gec-edb 1
jj-edb 1
iia-edb 1
432
3
dci-edc 1
baa-edc 1
ihi-edc 1
433
4
bdh-edd 1
dfa-edd 1
gag-edd 1
cbe-edd 1
434
3
jh-ede 2
ffi-ede 1
jbb-ede 1
435
4
fah-edf 1
bdfe-edf 1
hba-edf 1
bdag-edf 1
436
4
cde-edg 1
jgh-edg 1
ie-edg 1
ggd-edg 1
437
5
dah-edh 1
hcd-edh 1
bbgb-edh 1
beb-edh 1
cfj-edh 1
438
6
bjd-edi 1
ccg-edi 1
egf-edi 1
eja-edi 1
gie-edi 1
bda-edi 1
439
2
egj-edj 1
egf-edj 2
440
4
igj-eea 1
bgj-eea 1
djh-eea 1
gcc-eea 1
441
4
hei-eeb 1
dec-eeb 1
bab-eeb 1
hgh-eeb 1
442
3
dge-eec 1
bha-eec 1
hci-eec 1
443
4
gcd-eed 1
fcg-eed 2
iaa-eed 14
jhc-eed 1
444
2
idg-eee 2
chb-eee 1
445
4
jad-eef 1
bdg-eef 2
dej-eef 1
bdcd-eef 1
446
5
bfc-eeg 1
dcc-eeg 1
cfe-eeg 1
dji-eeg 1
badg-eeg 1
448
4
bih-eei 1
fii-eei 1
beed-eei 7
haj-eei 1
449
3
bcih-eej 4
bbif-eej 1
bcag-eej 1
450
3
jia-efa 1
hch-efa 1
bccg-efa 1
451
2
ehc-efb 1
bbgj-efb 1
452
4
hd-efc 1
bhh-efc 1
ehd-efc 1
fdg-efc 1
453
1
fei-efd 1
454
2
bcdb-efe 5
ija-efe 1
455
5
fff-eff 1
bbed-eff 1
hgf-eff 1
bjf-eff 12
jge-eff 2
456
4
bcad-efg 2
iib-efg 2
fii-efg 1
bbj-efg 1
457
3
ded-efh 1
igc-efh 1
iic-efh 1
458
1
eec-efi 1
459
6
bbfa-efj 1
fje-efj 1
bbca-efj 1
gde-efj 1
fhc-efj 1
efe-efj 1
460
8
bbac-ega 1
bac-ega 1
cgd-ega 1
jca-ega 1
cbg-ega 1
bja-ega 3
icf-ega 1
feh-ega 1
461
4
bcdf-egb 2
jg-egb 1
hic-egb 1
fdb-egb 1
463
2
cfa-egd 3
bdhg-egd 1
464
3
ifi-ege 1
ecb-ege 1
dbb-ege 1
465
4
fge-egf 1
eae-egf 2
cha-egf 1
ifd-egf 2
466
5
die-egg 1
idd-egg 1
ed-egg 1
eaj-egg 1
jia-egg 1
467
1
iid-egh 1
468
1
hef-egi 1
469
5
jdg-egj 1
jj-egj 1
ibi-egj 1
dbi-egj 1
baih-egj 1
470
3
cgh-eha 15
bbi-eha 1
bjj-eha 1
471
2
hib-ehb 3
bfc-ehb 1
472
2
cdh-ehc 1
iad-ehc 1
473
3
hcb-ehd 6
hjj-ehd 1
bffb-ehd 1
474
4
ibh-ehe 1
bebj-ehe 1
hje-ehe 1
di-ehe 1
475
4
jgj-ehf 1
fag-ehf 1
cac-ehf 1
caa-ehf 1
476
3
bdgh-ehg 1
hda-ehg 1
edf-ehg 1
477
3
ecf-ehh 1
had-ehh 1
gcc-ehh 1
478
3
jfd-ehi 1
bbeg-ehi 1
fef-ehi 1
479
3
hbj-ehj 1
bcgj-ehj 1
eci-ehj 1
480
3
efb-eia 1
bfa-eia 1
efc-eia 1
481
3
iih-eib 3
dg-eib 1
bbbe-eib 2
482
4
bfef-eic 1
bdfb-eic 2
fhi-eic 1
ebb-eic 1
483
3
bfhj-eid 1
hc-eid 1
bdg-eid 4
484
2
ffj-eie 1
gbb-eie 1
485
2
daa-eif 1
fdf-eif 1
486
3
ede-eig 1
bfeh-eig 1
fdf-eig 1
487
4
efh-eih 1
cag-eih 1
jc-eih 1
ifi-eih 3
488
2
fij-eii 1
bfdi-eii 1
489
4
ief-eij 1
jae-eij 1
dcc-eij 1
dfg-eij 1
490
3
hej-eja 1
iaj-eja 1
babi-eja 1
491
2
bhc-ejb 1
ibd-ejb 1
492
6
gji-ejc 1
ggd-ejc 1
bcbe-ejc 1
hgb-ejc 1
eia-ejc 1
daj-ejc 1
493
2
iic-ejd 1
ige-ejd 1
494
5
cif-eje 1
gic-eje 1
bfj-eje 1
ebj-eje 1
iei-eje 1
495
1
bfja-ejf 1
496
4
chd-ejg 1
feg-ejg 2
ghb-ejg 1
eb-ejg 1
497
2
bbi-ejh 1
idi-ejh 1
498
3
hfb-eji 1
cdd-eji 1
d-eji 1
499
2
hif-ejj 1
chf-ejj 2
500
5
deg-faa 1
ice-faa 1
dfb-faa 1
bbba-faa 1
dhg-faa 1
502
4
hbc-fac 1
hdh-fac 1
bbii-fac 1
cbi-fac 1
503
5
bdjg-fad 1
fgd-fad 1
baei-fad 2
cfh-fad 1
iej-fad 1
504
3
baba-fae 1
bdia-fae 1
fje-fae 1
505
2
hid-faf 1
bcja-faf 4
506
3
bahb-fag 1
dbf-fag 15
hcd-fag 1
507
1
jbj-fah 1
508
3
gdj-fai 1
badj-fai 1
fdh-fai 1
509
4
ggb-faj 1
bhe-faj 1
ga-faj 1
iii-faj 1
510
3
bbdb-fba 2
cdi-fba 1
dii-fba 1
511
1
jgi-fbb 1
512
1
baag-fbc 1
513
5
ejj-fbd 1
jhc-fbd 1
bih-fbd 1
hej-fbd 1
eai-fbd 1
514
1
bceh-fbe 1
515
1
jbh-fbf 1
516
2
edb-fbg 1
dff-fbg 1
517
4
fgb-fbh 1
bc-fbh 1
fdh-fbh 1
bcjg-fbh 1
518
4
ebf-fbi 1
bjb-fbi 1
cfg-fbi 1
dcc-fbi 1
519
5
hdc-fbj 2
fdc-fbj 1
fch-fbj 1
beig-fbj 1
hb-fbj 1
520
3
jib-fca 1
bccg-fca 1
gaj-fca 1
521
4
bcdf-fcb 1
bhb-fcb 1
h-fcb 1
hbb-fcb 1
522
4
bfca-fcc 1
gbd-fcc 1
fjh-fcc 1
gic-fcc 1
523
2
cba-fcd 3
cae-fcd 1
524
2
gia-fce 1
baec-fce 1
525
4
baib-fcf 1
ebi-fcf 1
ehe-fcf 1
bff-fcf 1
526
3
bcah-fcg 1
bbe-fcg 1
gcc-fcg 1
527
7
eae-fch 1
bcee-fch 1
cjb-fch 1
ecb-fch 1
fcf-fch 1
hfc-fch 1
beaj-fch 1
528
7
dfd-fci 1
bbea-fci 1
iei-fci 1
dfh-fci 1
iba-fci 1
fhg-fci 1
dei-fci 1
529
3
hge-fcj 1
ffb-fcj 1
egd-fcj 1
530
5
edf-fda 1
bhi-fda 1
bhj-fda 1
bbbd-fda 1
cfd-fda 1
531
2
def-fdb 2
eha-fdb 9
532
4
bbjb-fdc 1
eg-fdc 1
cif-fdc 1
bahi-fdc 1
533
7
bfha-fdd 1
hid-fdd 1
eaf-fdd 1
bei-fdd 1
bfie-fdd 1
edd-fdd 2
baei-fdd 2
534
2
fih-fde 1
jj-fde 1
535
6
cgg-fdf 1
fdg-fdf 1
gdc-fdf 1
bade-fdf 1
ibe-fdf 2
fbj-fdf 1
536
5
bdhg-fdg 1
gbh-fdg 1
gje-fdg 1
bach-fdg 1
bhi-fdg 1
537
5
cdc-fdh 1
gf-fdh 1
deb-fdh 1
bcjh-fdh 1
ffa-fdh 1
538
1
jii-fdi 1
539
2
hbh-fdj 1
bdfh-fdj 3
540
4
ee-fea 1
bbia-fea 1
bdcd-fea 1
bceb-fea 1
541
5
ieb-feb 1
dfh-feb 1
ibd-feb 1
hgh-feb 1
ih-feb 1
542
3
bfij-fec 1
ffe-fec 1
bfcg-fec 1
543
4
fdh-fed 1
bbhb-fed 1
hdi-fed 1
fjd-fed 1
544
5
fff-fee 1
ecb-fee 1
bbaa-fee 1
be-fee 1
ihf-fee 1
545
4
je-fef 2
bbfh-fef 1
dfe-fef 1
bfdg-fef 10
546
6
bd-feg 1
hgh-feg 3
ijc-feg 1
ihh-feg 1
bi-feg 1
bcgj-feg 1
547
4
djg-feh 2
bbdc-feh 1
hei-feh 1
chc-feh 1
548
3
ffc-fei 1
eeg-fei 1
begd-fei 3
549
3
dfe-fej 1
hhe-fej 1
gcg-fej 1
550
4
idb-ffa 1
gch-ffa 1
bfef-ffa 1
df-ffa 1
551
5
cfd-ffb 1
jfe-ffb 1
ica-ffb 1
dab-ffb 1
i-ffb 1
552
2
hbb-ffc 1
bdj-ffc 1
553
2
eia-ffd 1
dij-ffd 1
554
2
baba-ffe 1
hdc-ffe 1
555
5
hfd-fff 3
baae-fff 1
edi-fff 1
jbf-fff 1
baj-fff 1
556
1
ffi-ffg 1
557
2
fja-ffh 1
e-ffh 1
558
3
cdj-ffi 1
cif-ffi 1
bcdd-ffi 1
559
4
gih-ffj 1
dfd-ffj 1
gfi-ffj 1
baid-ffj 2
560
5
bhe-fga 2
cie-fga 1
igi-fga 1
eae-fga 1
gei-fga 1
561
3
eei-fgb 1
gff-fgb 5
dba-fgb 1
562
2
dgd-fgc 1
bagf-fgc 1
563
5
dij-fgd 1
bfff-fgd 1
bfic-fgd 1
ffa-fgd 1
fb-fgd 1
564
1
gjf-fge 1
565
1
ha-fgf 1
566
1
ice-fgg 1
567
3
dbh-fgh 1
jcf-fgh 1
jjf-fgh 1
568
1
dfg-fgi 3
569
2
ghj-fgj 1
bdc-fgj 1
570
2
bfig-fha 1
fhc-fha 1
571
4
beeb-fhb 3
beaa-fhb 1
feb-fhb 1
bfcb-fhb 13
572
4
bgea-fhc 1
bbi-fhc 1
bfed-fhc 15
hch-fhc 1
573
3
cih-fhd 1
hic-fhd 1
dgi-fhd 1
574
3
gge-fhe 1
ebh-fhe 1
hci-fhe 1
575
1
gad-fhf 1
576
3
bbfh-fhg 2
fjc-fhg 1
da-fhg 1
578
3
jcb-fhi 1
bja-fhi 1
bcgj-fhi 1
579
4
ii-fhj 1
fag-fhj 1
bgde-fhj 1
gaj-fhj 1
580
2
gcc-fia 1
hga-fia 1
581
2
gjb-fib 1
fgb-fib 1
582
2
bgaj-fic 2
cea-fic 1
583
4
bbaa-fid 8
hh-fid 1
cih-fid 2
gif-fid 1
584
2
efe-fie 2
bccf-fie 1
585
4
bbc-fif 1
bfcg-fif 1
gge-fif 1
ibj-fif 1
586
4
dec-fig 1
ejg-fig 1
bfj-fig 1
eib-fig 4
587
3
bcc-fih 1
id-fih 1
ed-fih 1
588
4
gde-fii 1
bagb-fii 1
bcfh-fii 1
haf-fii 3
589
1
ebj-fij 1
590
2
edj-fja 1
cih-fja 1
591
8
gef-fjb 3
hc-fjb 1
hae-fjb 3
gcg-fjb 1
egg-fjb 1
cij-fjb 1
bggb-fjb 1
caa-fjb 1
592
5
hdf-fjc 2
dbg-fjc 1
bcff-fjc 1
cie-fjc 13
baee-fjc 1
593
2
ecc-fjd 1
cif-fjd 1
594
3
hci-fje 1
fba-fje 1
bbac-fje 1
595
3
fhc-fjf 2
bahg-fjf 1
jhf-fjf 1
596
2
bcfe-fjg 1
bhg-fjg 1
597
3
g-fjh 1
ddd-fjh 1
baij-fjh 1
598
8
jbi-fji 1
ehf-fji 1
hh-fji 1
fij-fji 1
iga-fji 1
bgb-fji 1
cdf-fji 1
bddi-fji 1
599
3
ddi-fjj 1
bbg-fjj 1
gj-fjj 1
600
2
gbb-gaa 1
bacj-gaa 5
601
1
gdh-gab 8
602
1
cca-gac 1
603
5
bdfe-gad 2
bf-gad 1
bjc-gad 1
hij-gad 1
jjh-gad 1
604
6
eig-gae 1
hca-gae 1
bfi-gae 1
jci-gae 1
ghc-gae 1
bd-gae 1
605
1
bjh-gaf 1
606
2
dgc-gag 1
jij-gag 1
607
4
iaf-gah 1
cjc-gah 2
ici-gah 1
fac-gah 1
608
1
daa-gai 1
609
2
di-gaj 3
bcde-gaj 1
610
5
hgc-gba 1
bbib-gba 2
bbge-gba 2
fdi-gba 1
gcb-gba 1
611
5
dhf-gbb 1
becb-gbb 1
cgb-gbb 1
bfjj-gbb 1
eja-gbb 1
612
2
bbhc-gbc 1
baab-gbc 1
613
3
bbcd-gbd 1
cg-gbd 1
fcb-gbd 1
614
1
bgfd-gbe 1
615
4
bbeh-gbf 1
fgd-gbf 1
ccj-gbf 1
bdcf-gbf 3
616
4
dhh-gbg 1
hhb-gbg 1
dga-gbg 1
bbcb-gbg 1
617
2
ff-gbh 1
dje-gbh 1
618
6
ej-gbi 1
bbeh-gbi 2
dbi-gbi 1
bacg-gbi 1
ifc-gbi 1
dib-gbi 1
619
4
eaa-gbj 1
gch-gbj 1
bbfi-gbj 1
jej-gbj 1
620
2
bbfc-gca 1
haj-gca 1
621
3
bch-gcb 1
cab-gcb 1
bfbd-gcb 1
622
6
bbii-gcc 1
cdh-gcc 1
baad-gcc 1
bafc-gcc 1
iie-gcc 1
baee-gcc 1
623
2
egf-gcd 1
bbjd-gcd 1
624
1
fai-gce 1
625
3
daf-gcf 1
baii-gcf 1
cgj-gcf 1
626
3
chg-gcg 1
ijg-gcg 1
hgd-gcg 4
627
3
bdc-gch 1
fjh-gch 1
cih-gch 1
628
3
bga-gci 1
cea-gci 1
igb-gci 2
629
2
ged-gcj 1
ebb-gcj 1
630
2
bdcf-gda 1
ihh-gda 1
631
3
bbg-gdb 1
cb-gdb 1
eah-gdb 11
632
5
gbe-gdc 2
cah-gdc 1
ifc-gdc 1
igj-gdc 1
babf-gdc 1
633
3
bcag-gdd 1
dgb-gdd 1
hfi-gdd 1
634
2
baeb-gde 1
cdd-gde 1
635
4
bhc-gdf 1
bchf-gdf 1
hjh-gdf 1
gfe-gdf 1
636
4
bajh-gdg 1
hag-gdg 1
db-gdg 1
bddj-gdg 2
637
3
jci-gdh 14
if-gdh 1
bdfd-gdh 1
638
1
jcc-gdi 1
639
3
cei-gdj 1
gjg-gdj 1
dib-gdj 1
640
4
eaa-gea 1
dea-gea 1
cda-gea 1
edi-gea 1
641
4
begg-geb 1
hfa-geb 1
hhd-geb 1
eff-geb 1
642
1
ihd-gec 1
643
1
bdbj-ged 1
645
3
gfh-gef 1
bdgj-gef 1
dfi-gef 3
646
4
baaa-geg 1
bfcj-geg 1
gaj-geg 1
cie-geg 1
647
3
jg-geh 1
bjh-geh 1
iai-geh 1
648
3
daf-gei 1
iba-gei 1
ffa-gei 1
649
4
cab-gej 1
hgi-gej 1
fec-gej 1
gda-gej 1
650
2
bgeg-gfa 1
hbc-gfa 1
651
4
bcbi-gfb 1
jhj-gfb 6
gfj-gfb 1
g-gfb 1
652
2
bcb-gfc 1
baha-gfc 1
653
3
hjb-gfd 1
gch-gfd 1
bdbg-gfd 1
654
3
baci-gfe 1
hfa-gfe 1
bif-gfe 1
655
7
idi-gff 15
hh-gff 1
ehe-gff 1
bga-gff 1
egf-gff 1
eci-gff 1
jbi-gff 1
656
3
chc-gfg 1
jaj-gfg 1
bahh-gfg 1
657
4
jaj-gfh 1
ffb-gfh 1
iga-gfh 1
bi-gfh 1
658
3
ghc-gfi 1
ech-gfi 1
becd-gfi 2
659
1
bdba-gfj 1
660
1
bhe-gga 1
661
2
eae-ggb 1
bee-ggb 1
662
2
id-ggc 1
bgae-ggc 1
663
2
jhh-ggd 1
djj-ggd 1
664
7
ifg-gge 1
efd-gge 3
beg-gge 1
bdc-gge 1
bfid-gge 1
ehc-gge 1
gaj-gge 1
665
4
hab-ggf 1
jfj-ggf 1
feh-ggf 1
bcdj-ggf 1
666
4
bih-ggg 1
caf-ggg 1
die-ggg 1
dij-ggg 8
667
1
cab-ggh 1
668
2
bfc-ggi 1
cgh-ggi 3
670
4
bfgj-gha 1
gdh-gha 1
gii-gha 1
ifc-gha 1
671
5
bgef-ghb 1
bbfg-ghb 1
bgae-ghb 1
bbff-ghb 1
idb-ghb 1
672
6
beid-ghc 1
fhi-ghc 1
begg-ghc 1
fea-ghc 1
bch-ghc 1
cib-ghc 1
673
3
egj-ghd 1
bae-ghd 1
did-ghd 1
674
3
cji-ghe 1
ccb-ghe 1
ggg-ghe 1
675
1
ggb-ghf 1
676
2
fhb-ghg 1
dhh-ghg 1
677
2
cbc-ghh 1
bacj-ghh 1
678
2
hai-ghi 1
daf-ghi 2
679
4
bcbc-ghj 3
fdb-ghj 1
fcd-ghj 1
hec-ghj 1
680
4
egg-gia 1
hbf-gia 1
ied-gia 1
ccg-gia 1
681
2
cic-gib 1
bbhf-gib 6
682
4
bbga-gic 1
dhi-gic 1
bjc-gic 1
fed-gic 1
683
1
cjj-gid 1
684
2
ici-gie 1
iih-gie 1
685
4
jea-gif 1
hge-gif 3
bcig-gif 1
bcdi-gif 1
686
1
bbe-gig 1
687
4
badc-gih 2
die-gih 1
baai-gih 1
bbfb-gih 1
688
2
baab-gii 3
ib-gii 1
689
5
fgh-gij 1
ehf-gij 1
bei-gij 1
ibd-gij 1
ehh-gij 1
690
1
ecd-gja 1
692
5
hji-gjc 6
behb-gjc 5
gbe-gjc 6
hg-gjc 1
ca-gjc 1
693
1
gad-gjd 1
694
3
bbdf-gje 4
bhc-gje 1
b-gje 1
695
3
dig-gjf 1
ieg-gjf 1
hdh-gjf 1
696
5
egg-gjg 1
bfb-gjg 1
bbic-gjg 1
bdda-gjg 1
behg-gjg 1
697
2
cbg-gjh 3
dfd-gjh 1
699
3
iii-gjj 1
hhe-gjj 1
fbi-gjj 1
700
3
bjj-haa 1
bcea-haa 1
dbe-haa 1
701
2
bcfg-hab 1
fij-hab 1
702
3
gdb-hac 1
eif-hac 1
bcbg-hac 1
703
1
iec-had 1
704
5
ije-hae 1
bbic-hae 5
idb-hae 1
chi-hae 4
hea-hae 1
705
2
jji-haf 1
jda-haf 15
706
6
dic-hag 1
dfg-hag 1
hje-hag 1
beje-hag 1
ecj-hag 1
bcgb-hag 1
707
2
fda-hah 1
efj-hah 1
708
2
hfh-hai 1
bce-hai 1
709
1
bdjj-haj 1
710
2
bdbi-hba 4
bega-hba 1
711
4
cfb-hbb 1
fac-hbb 1
cgj-hbb 1
eee-hbb 1
712
2
jdg-hbc 2
ffc-hbc 1
713
4
bdff-hbd 3
bcbd-hbd 1
eij-hbd 1
bei-hbd 1
714
2
fc-hbe 1
fji-hbe 1
715
3
jf-hbf 1
dga-hbf 1
fcf-hbf 7
716
5
ife-hbg 1
egh-hbg 1
gde-hbg 1
bdjf-hbg 1
jh-hbg 1
717
3
ci-hbh 1
babe-hbh 1
dbj-hbh 1
718
2
egd-hbi 1
jfh-hbi 3
719
2
bedf-hbj 1
jge-hbj 1
720
6
ead-hca 1
jid-hca 1
g-hca 1
cib-hca 1
hcf-hca 1
ibe-hca 1
721
4
bahd-hcb 10
ffe-hcb 1
jba-hcb 1
bdfa-hcb 1
722
2
iee-hcc 1
cie-hcc 1
723
3
jee-hcd 4
bdhb-hcd 1
bgi-hcd 2
724
6
beaf-hce 1
eab-hce 1
ejf-hce 1
bde-hce 1
dha-hce 1
bchf-hce 1
725
5
gad-hcf 2
bbae-hcf 1
cih-hcf 1
b-hcf 1
hhc-hcf 1
726
4
ibf-hcg 1
ja-hcg 1
jjg-hcg 1
baed-hcg 1
727
4
fci-hch 1
ghe-hch 1
gdg-hch 1
jcb-hch 1
728
5
bdff-hci 1
baef-hci 1
geh-hci 1
ggi-hci 1
fbf-hci 1
729
3
jd-hcj 1
eec-hcj 1
bbgd-hcj 1
730
5
dec-hda 1
ffb-hda 1
idc-hda 1
ea-hda 1
eda-hda 1
731
3
bejg-hdb 1
bfhg-hdb 2
jh-hdb 1
732
5
befb-hdc 1
gig-hdc 1
cbi-hdc 1
bdac-hdc 1
jbf-hdc 1
733
1
bdg-hdd 1
734
2
bbjf-hde 1
jfh-hde 1
735
5
gbh-hdf 1
bbha-hdf 1
fad-hdf 1
dci-hdf 1
bcfg-hdf 1
736
2
dac-hdg 1
fjc-hdg 2
737
2
fec-hdh 3
ihb-hdh 1
738
2
iae-hdi 1
beah-hdi 1
739
4
bci-hdj 1
jbj-hdj 1
haa-hdj 1
eci-hdj 1
740
8
befg-hea 1
fdf-hea 1
bdfd-hea 1
djb-hea 1
jjg-hea 1
cb-hea 1
jb-hea 1
bcji-hea 1
741
1
icg-heb 1
742
4
bdda-hec 1
fai-hec 1
bdhc-hec 1
bfjg-hec 1
743
2
bcbg-hed 1
bfei-hed 4
744
2
gbf-hee 2
bfhd-hee 1
745
4
bjd-hef 2
bfch-hef 1
beg-hef 1
gha-hef 1
746
2
bcdd-heg 1
fid-heg 1
747
4
ed-heh 1
dcb-heh 1
hii-heh 1
ggc-heh 1
748
3
if-hei 1
ie-hei 1
fad-hei 1
749
3
bgbd-hej 1
cec-hej 1
ccd-hej 1
750
3
dgc-hfa 1
jhg-hfa 1
befe-hfa 1
751
3
icd-hfb 1
gc-hfb 1
bff-hfb 1
752
3
gab-hfc 1
gjh-hfc 1
bcdc-hfc 1
753
4
bad-hfd 1
ddc-hfd 1
bcec-hfd 1
eih-hfd 1
754
3
gac-hfe 1
ejg-hfe 1
bahd-hfe 1
755
3
bacc-hff 1
hge-hff 1
bbci-hff 1
756
2
bbac-hfg 3
gfd-hfg 1
757
3
bbaj-hfh 1
ihf-hfh 1
ede-hfh 1
758
2
beih-hfi 3
eci-hfi 1
759
3
bfhi-hfj 2
jfc-hfj 1
gaa-hfj 1
760
2
bbg-hga 1
fdb-hga 1
761
5
dfj-hgb 1
gcc-hgb 1
bdf-hgb 1
hfc-hgb 1
bccd-hgb 1
762
4
hje-hgc 1
fia-hgc 1
fea-hgc 1
dej-hgc 1
763
2
bedb-hgd 1
bbfa-hgd 1
764
2
efg-hge 1
beff-hge 2
765
4
icd-hgf 1
fea-hgf 1
bafe-hgf 3
bci-hgf 1
766
2
ehf-hgg 1
baib-hgg 1
767
2
dej-hgh 5
deg-hgh 1
768
2
cdb-hgi 1
baja-hgi 1
770
5
bi-hha 1
ihj-hha 1
hdd-hha 1
ii-hha 1
baad-hha 1
771
3
dfa-hhb 1
bbaa-hhb 1
gfa-hhb 1
772
3
eia-hhc 1
fhc-hhc 1
beff-hhc 1
773
2
gaa-hhd 2
bdec-hhd 1
774
4
bdfa-hhe 1
gja-hhe 1
eff-hhe 2
dji-hhe 1
775
2
bafj-hhf 1
bcf-hhf 1
776
2
hbb-hhg 1
dgd-hhg 1
777
2
ebd-hhh 1
haa-hhh 1
778
1
bdci-hhi 1
779
5
bfag-hhj 1
idc-hhj 1
beb-hhj 1
jec-hhj 1
hie-hhj 1
780
3
dbf-hia 1
jdd-hia 1
bbie-hia 1
781
1
bbi-hib 1
782
4
chh-hic 1
bgcf-hic 2
dhd-hic 1
dcc-hic 1
783
1
bgdg-hid 1
784
2
bgbb-hie 1
bjg-hie 1
785
3
fje-hif 1
ggc-hif 2
cii-hif 1
786
2
fig-hig 3
che-hig 1
787
3
ddh-hih 4
bfg-hih 1
iaf-hih 1
788
4
djb-hii 1
cgi-hii 3
fej-hii 1
jaj-hii 1
789
5
hag-hij 1
fj-hij 1
bji-hij 1
dif-hij 1
jff-hij 1
790
2
gbd-hja 1
fae-hja 1
791
2
cfh-hjb 3
bde-hjb 1
792
5
hcc-hjc 1
gaj-hjc 1
bfhe-hjc 2
hbi-hjc 1
bbfi-hjc 2
793
2
fef-hjd 2
bbd-hjd 1
794
2
fgj-hje 1
bdja-hje 2
795
3
beji-hjf 1
edj-hjf 2
gid-hjf 1
796
5
jdh-hjg 1
cfa-hjg 3
eda-hjg 1
gdj-hjg 1
jgg-hjg 1
797
2
caj-hjh 1
bcg-hjh 1
798
2
hfj-hji 3
bba-hji 1
799
7
gah-hjj 1
beea-hjj 1
cjf-hjj 1
bgc-hjj 1
bace-hjj 1
fe-hjj 1
fgd-hjj 1
800
5
ead-iaa 1
cij-iaa 1
dhc-iaa 7
jcg-iaa 9
deb-iaa 1
801
3
ech-iab 1
cdh-iab 1
bdbh-iab 1
802
2
hia-iac 1
hbi-iac 1
803
3
jcd-iad 1
cgd-iad 1
dd-iad 1
804
4
cdf-iae 7
cjg-iae 1
fjd-iae 1
bcd-iae 1
805
3
ejf-iaf 1
jd-iaf 1
gjf-iaf 1
806
4
bage-iag 4
ihd-iag 1
ejg-iag 1
begg-iag 1
807
2
fei-iah 1
dad-iah 1
808
3
dje-iai 1
beja-iai 1
jh-iai 1
809
3
gbh-iaj 1
gci-iaj 1
bddg-iaj 2
810
5
bafb-iba 1
bbbj-iba 1
bbba-iba 2
bcb-iba 1
ejb-iba 1
811
2
bead-ibb 1
iha-ibb 2
812
1
bbgf-ibc 1
813
2
bgcj-ibd 1
bdhd-ibd 1
814
2
fba-ibe 1
bbcc-ibe 1
815
3
bffh-ibf 1
dih-ibf 1
dje-ibf 1
816
4
efj-ibg 1
ceb-ibg 1
fhg-ibg 4
bafg-ibg 1
817
3
eja-ibh 1
bahj-ibh 1
babb-ibh 1
818
4
bjc-ibi 1
fii-ibi 1
fdi-ibi 1
jib-ibi 1
819
4
bbcd-ibj 1
dfd-ibj 1
hae-ibj 1
bbdb-ibj 1
820
4
becf-ica 1
bcfh-ica 1
dgi-ica 1
edc-ica 1
821
3
fhj-icb 1
fib-icb 1
hfi-icb 3
823
5
hj-icd 2
jaa-icd 1
hcd-icd 1
eig-icd 1
jaj-icd 1
824
3
ehd-ice 3
jfh-ice 1
hgi-ice 1
825
4
dbb-icf 1
fce-icf 1
bcha-icf 1
cih-icf 1
826
3
gcg-icg 1
bjj-icg 3
bcdi-icg 1
827
1
beei-ich 1
828
3
jc-ici 6
cj-ici 1
dfa-ici 1
829
2
jie-icj 8
hbe-icj 3
830
3
bcfd-ida 1
hee-ida 1
bhf-ida 1
831
6
bach-idb 1
cdh-idb 1
ghi-idb 1
fce-idb 1
bfjd-idb 1
cii-idb 1
832
2
iij-idc 1
gjg-idc 4
833
4
bfda-idd 1
fj-idd 1
fih-idd 1
bbah-idd 1
834
1
fgc-ide 1
835
4
bajg-idf 1
dh-idf 1
dii-idf 1
efa-idf 1
836
3
dhd-idg 4
bfi-idg 1
bagf-idg 1
838
5
bgfa-idi 12
ech-idi 4
bbdd-idi 1
baeh-idi 1
hhc-idi 1
839
2
fdj-idj 1
bcc-idj 1
840
3
bij-iea 1
chb-iea 1
bebf-iea 3
841
3
bdaj-ieb 1
bbie-ieb 1
fhb-ieb 1
842
4
hfh-iec 1
hfg-iec 6
iff-iec 1
bbca-iec 1
843
4
jac-ied 1
hhb-ied 1
bbid-ied 1
bche-ied 1
844
2
efc-iee 1
baje-iee 2
845
4
ea-ief 1
bbah-ief 1
hag-ief 1
bfc-ief 1
846
4
ffh-ieg 1
hcd-ieg 1
fjj-ieg 1
idd-ieg 1
847
4
bchj-ieh 1
caj-ieh 1
bge-ieh 1
bjg-ieh 1
848
5
dbf-iei 1
efg-iei 2
behf-iei 1
bcgb-iei 1
hgi-iei 2
849
2
bbh-iej 2
bdi-iej 1
850
3
ccc-ifa 1
bbbi-ifa 1
hcf-ifa 1
851
2
dfh-ifb 1
bagh-ifb 3
852
5
bchg-ifc 5
ejj-ifc 1
cee-ifc 1
jid-ifc 1
gfa-ifc 1
853
4
cf-ifd 1
bbhd-ifd 1
ijh-ifd 1
bah-ifd 1
854
3
hjf-ife 2
bbdj-ife 1
dad-ife 1
855
5
cgi-iff 1
bjb-iff 1
efe-iff 1
jgf-iff 1
fb-iff 1
856
3
bgeb-ifg 1
be-ifg 1
jci-ifg 1
857
3
baai-ifh 1
cid-ifh 1
baga-ifh 1
858
1
bcci-ifi 1
860
2
gfj-iga 1
ebb-iga 1
861
1
cif-igb 1
862
3
bcgi-igc 4
gh-igc 1
eaf-igc 1
863
2
ggg-igd 2
ife-igd 1
864
3
hjc-ige 1
dbi-ige 1
dbj-ige 1
866
1
babd-igg 1
867
1
hag-igh 1
868
2
bbg-igi 1
bcbj-igi 1
869
4
gih-igj 1
jba-igj 1
bdie-igj 1
dde-igj 1
870
4
hgf-iha 2
bcdj-iha 7
bbfe-iha 1
jfa-iha 1
871
1
bbcj-ihb 1
872
3
eba-ihc 1
ehj-ihc 1
jfd-ihc 1
873
4
fj-ihd 1
bbdd-ihd 2
behh-ihd 2
bgei-ihd 1
874
2
hdi-ihe 1
hdg-ihe 1
875
4
bbad-ihf 2
bfcc-ihf 1
ijj-ihf 1
eh-ihf 1
876
4
cdj-ihg 1
gij-ihg 1
gbf-ihg 1
bcj-ihg 1
877
2
cib-ihh 1
gih-ihh 1
878
5
bdgf-ihi 5
bebh-ihi 1
gjh-ihi 1
hdb-ihi 1
jg-ihi 1
879
2
caf-ihj 1
cef-ihj 1
880
3
fgb-iia 5
hfh-iia 1
fid-iia 1
881
5
chd-iib 1
bafa-iib 1
baeb-iib 2
cfb-iib 1
id-iib 1
882
4
jje-iic 1
gfa-iic 1
fag-iic 1
iie-iic 1
883
2
ffa-iid 1
iae-iid 1
884
5
cbb-iie 1
jee-iie 1
bejf-iie 1
bgc-iie 1
bec-iie 1
885
2
bbei-iif 1
hif-iif 1
886
1
hcg-iig 1
887
1
hbj-iih 1
888
1
bbib-iii 1
889
1
baaa-iij 1
890
2
dbj-ija 1
iaa-ija 1
892
3
cgi-ijc 1
bcij-ijc 2
bbf-ijc 1
893
3
gdh-ijd 1
hfi-ijd 1
beda-ijd 3
894
4
gda-ije 1
bef-ije 1
bbbj-ije 1
beef-ije 1
896
2
ig-ijg 1
behi-ijg 1
897
2
hhg-ijh 1
bii-ijh 1
898
1
gd-iji 1
899
2
iaf-ijj 1
cff-ijj 1
900
1
bbjh-jaa 1
901
1
gbe-jab 1
902
5
bgg-jac 1
ghg-jac 1
ibb-jac 1
hca-jac 1
ejj-jac 1
903
2
bcij-jad 1
djc-jad 1
904
2
bbih-jae 3
cja-jae 1
905
2
bdig-jaf 1
bgd-jaf 1
906
3
cg-jag 1
cbc-jag 1
bdij-jag 1
907
4
bchh-jah 2
baia-jah 2
fie-jah 1
bcif-jah 1
908
4
gbj-jai 1
bffi-jai 1
efa-jai 1
bbbg-jai 1
909
2
iic-jaj 1
ebd-jaj 2
910
2
gej-jba 1
cgd-jba 1
911
2
dhg-jbb 4
gjc-jbb 1
912
2
gbg-jbc 1
jca-jbc 1
913
3
bfad-jbd 1
bgh-jbd 1
dij-jbd 1
914
1
de-jbe 1
915
3
gfg-jbf 1
bedi-jbf 1
cc-jbf 1
916
4
baie-jbg 1
bjd-jbg 1
ehd-jbg 1
bdid-jbg 1
917
3
bji-jbh 1
dbd-jbh 1
babf-jbh 1
918
1
bdcc-jbi 1
919
4
ejd-jbj 1
jhb-jbj 1
daa-jbj 1
hdc-jbj 2
920
4
jde-jca 1
fdh-jca 1
jfg-jca 1
idf-jca 1
921
3
gae-jcb 1
faj-jcb 1
hhf-jcb 1
922
3
fjg-jcc 1
gfb-jcc 1
fej-jcc 1
923
4
jcc-jcd 1
hgh-jcd 1
bagh-jcd 1
ied-jcd 1
924
1
bafi-jce 1
925
2
igj-jcf 1
ghe-jcf 1
926
3
cfj-jcg 1
babe-jcg 1
ggg-jcg 4
928
6
bfbf-jci 12
fb-jci 1
fch-jci 1
hhe-jci 1
gih-jci 4
beia-jci 1
930
3
bgdf-jda 1
bdig-jda 13
cjb-jda 1
931
5
hge-jdb 1
jhc-jdb 1
cgf-jdb 1
jji-jdb 1
bbaj-jdb 1
932
3
jc-jdc 1
gdh-jdc 1
hbh-jdc 1
933
3
ffh-jdd 1
dic-jdd 1
dhc-jdd 1
934
5
bi-jde 3
bie-jde 1
bcjb-jde 1
bdgi-jde 1
ha-jde 1
936
6
gea-jdg 1
fbf-jdg 1
ibi-jdg 1
bh-jdg 1
dhj-jdg 1
bhb-jdg 1
937
1
ea-jdh 1
939
3
jfj-jdj 1
ja-jdj 1
eic-jdj 1
940
1
ije-jea 1
941
1
jad-jeb 1
942
4
badg-jec 1
ehc-jec 1
dae-jec 1
bdfg-jec 1
944
3
hjb-jee 3
ej-jee 1
cfg-jee 1
945
4
badj-jef 5
bbje-jef 3
beh-jef 1
fad-jef 1
946
2
bbj-jeg 1
baib-jeg 1
947
3
bafe-jeh 1
ddj-jeh 1
bgdb-jeh 1
949
3
dch-jej 1
ehb-jej 1
fgj-jej 1
950
4
fdj-jfa 1
bhe-jfa 1
iec-jfa 1
chb-jfa 1
951
3
cge-jfb 1
bbdb-jfb 4
ebb-jfb 1
952
3
jgb-jfc 4
cgh-jfc 1
egb-jfc 1
953
2
babc-jfd 1
fbd-jfd 1
954
4
c-jfe 3
egf-jfe 1
bcif-jfe 1
bfgb-jfe 11
955
2
egg-jff 1
bfeb-jff 1
956
3
ega-jfg 1
fic-jfg 1
bccb-jfg 1
957
4
bffj-jfh 1
fdf-jfh 2
gfb-jfh 9
eij-jfh 1
958
4
dii-jfi 1
bbj-jfi 8
befa-jfi 8
eib-jfi 1
959
5
eac-jfj 1
bcaj-jfj 1
jfa-jfj 1
bdhe-jfj 14
bcc-jfj 1
960
4
bfab-jga 1
bagg-jga 1
bfcd-jga 8
fdf-jga 1
961
1
ecd-jgb 1
962
5
babj-jgc 1
ibd-jgc 1
ied-jgc 1
cfa-jgc 1
bba-jgc 1
964
5
bedj-jge 1
bcgj-jge 1
gbf-jge 1
bagf-jge 1
dda-jge 1
965
4
i-jgf 1
fbf-jgf 1
hhj-jgf 1
bhg-jgf 1
966
3
cfd-jgg 1
bajc-jgg 1
heh-jgg 1
967
2
dfc-jgh 1
jcb-jgh 1
968
2
iae-jgi 1
gjf-jgi 1
970
4
bea-jha 1
ghd-jha 1
jia-jha 1
efh-jha 1
971
1
ejg-jhb 1
972
4
hei-jhc 1
ced-jhc 1
gga-jhc 1
eej-jhc 1
973
2
geb-jhd 1
gba-jhd 1
974
3
bbai-jhe 1
jih-jhe 1
jae-jhe 1
975
3
bajj-jhf 5
behe-jhf 2
fch-jhf 1
976
2
hde-jhg 1
fbi-jhg 1
977
2
bfia-jhh 1
gab-jhh 1
978
2
bcj-jhi 1
bagi-jhi 1
979
1
eei-jhj 1
980
6
ecc-jia 1
bded-jia 1
baca-jia 1
bje-jia 1
baac-jia 1
ddg-jia 1
981
3
iac-jib 1
bab-jib 4
bjf-jib 1
982
2
hff-jic 1
igj-jic 1
983
4
jff-jid 1
bgfj-jid 1
cag-jid 1
bdgd-jid 1
984
2
cij-jie 1
baih-jie 1
985
3
bb-jif 2
dge-jif 1
hah-jif 1
986
3
bafi-jig 1
gha-jig 1
bbe-jig 1
987
2
bfa-jih 1
gfi-jih 1
988
2
cei-jii 1
ddf-jii 1
989
1
ge-jij 1
991
5
cjc-jjb 1
ihg-jjb 1
bdi-jjb 1
jif-jjb 1
hja-jjb 2
992
3
jhg-jjc 1
bcgb-jjc 1
jbg-jjc 1
993
1
daj-jjd 1
994
4
ej-jje 1
baig-jje 1
badd-jje 1
bbcg-jje 1
995
2
hja-jjf 6
ccf-jjf 1
996
2
efa-jjg 1
gfc-jjg 4
997
1
geh-jjh 1
998
1
hef-jji 1
999
3
baea-jjj 1
bcci-jjj 4
edg-jjj 1
1000
1
fgi-baaa 1
1001
5
ifd-baab 1
efi-baab 1
bc-baab 1
jeg-baab 1
bbdf-baab 1
1002
2
hig-baac 1
jbh-baac 3
1003
4
bbbh-baad 1
ceb-baad 5
ehj-baad 1
jcd-baad 1
1004
2
dib-baae 1
eje-baae 1
1005
2
bdej-baaf 3
baae-baaf 1
1006
5
cdc-baag 1
beja-baag 1
jci-baag 2
ffj-baag 1
fc-baag 1
1007
1
baef-baah 1
1008
4
dgd-baai 1
igj-baai 1
bacb-baai 1
baha-baai 1
1010
4
jdf-baba 1
dfi-baba 1
ehi-baba 5
bbfb-baba 1
1011
3
djh-babb 2
edh-babb 1
ggi-babb 1
1012
4
if-babc 1
baif-babc 1
jga-babc 1
beag-babc 1
1013
2
dfe-babd 1
gec-babd 1
1014
3
ebj-babe 1
dbj-babe 1
ije-babe 1
1015
2
begj-babf 1
ceg-babf 1
1016
2
bdhd-babg 1
beba-babg 1
1017
2
cbg-babh 1
baia-babh 1
1018
3
baij-babi 3
cdb-babi 2
gd-babi 1
1019
3
fdc-babj 1
bbcg-babj 1
bfib-babj 1
1020
1
igh-baca 1
1021
6
bgbj-bacb 1
jhb-bacb 1
bcje-bacb 1
heb-bacb 1
jce-bacb 1
jg-bacb 1
1022
3
gdb-bacc 6
feg-bacc 1
hbc-bacc 1
1023
1
jgf-bacd 1
1024
2
bbcd-bace 1
dhb-bace 2
1025
1
ifd-bacf 1
1026
2
bgdb-bacg 1
cja-bacg 1
1027
3
bih-bach 4
baag-bach 1
fdd-bach 1
1028
2
ejc-baci 1
egi-baci 2
1029
3
ibj-bacj 1
iha-bacj 7
bada-bacj 1
1030
4
hej-bada 1
bbcf-bada 1
gdb-bada 1
ecj-bada 1
1031
3
bddf-badb 1
dcd-badb 1
bdf-badb 1
1032
2
ifg-badc 1
hfg-badc 1
1033
3
gh-badd 1
bcac-badd 1
jc-badd 1
1034
1
ega-bade 1
1035
1
fgh-badf 1
1036
2
jhi-badg 1
bbbf-badg 1
1037
1
bbgj-badh 1
1038
2
bbdi-badi 1
ghg-badi 1
1039
4
bbhf-badj 1
ijj-badj 1
bjf-badj 4
ff-badj 1
1040
2
hdd-baea 1
he-baea 1
1041
4
fd-baeb 1
bdcj-baeb 2
bbaf-baeb 1
iag-baeb 1
1042
4
jha-baec 2
hbg-baec 1
jaa-baec 1
ccb-baec 1
1043
1
djc-baed 1
1044
1
baeg-baee 1
1045
3
fi-baef 1
bdbf-baef 1
gj-baef 1
1046
4
bcef-baeg 1
hhd-baeg 1
jdc-baeg 1
baic-baeg 1
1047
1
dfd-baeh 1
1048
4
bagg-baei 1
bcig-baei 1
chj-baei 1
bhc-baei 1
1049
2
bdfj-baej 6
bbhh-baej 9
1050
4
cff-bafa 1
dgj-bafa 1
jdj-bafa 1
babe-bafa 1
1051
3
baah-bafb 1
bbbd-bafb 1
gdg-bafb 1
1052
4
gfg-bafc 1
bbef-bafc 1
jce-bafc 1
hii-bafc 1
1053
2
fei-bafd 1
cfa-bafd 1
1054
2
fdd-bafe 2
bgf-bafe 1
1055
2
hcj-baff 1
bfif-baff 4
1056
1
fdd-bafg 1
1057
1
jbd-bafh 1
1058
3
bhj-bafi 2
chi-bafi 1
bag-bafi 1
1059
2
hef-bafj 1
gfi-bafj 1
1060
2
bbag-baga 1
ded-baga 1
1061
2
fhb-bagb 3
bcgd-bagb 1
1062
1
gie-bagc 1
1063
2
beg-bagd 1
hgd-bagd 1
1064
4
jhf-bage 5
jfb-bage 1
bbcj-bage 1
babh-bage 1
1065
2
bede-bagf 1
bgd-bagf 1
1066
3
hgb-bagg 1
baie-bagg 1
fcb-bagg 1
1067
6
gje-bagh 1
cde-bagh 1
eab-bagh 1
ijg-bagh 1
cgf-bagh 1
jbd-bagh 1
1068
2
bcac-bagi 4
ggh-bagi 4
1069
2
jhd-bagj 4
bgj-bagj 1
1070
2
bgcc-baha 1
bcgf-baha 1
1071
2
cgc-bahb 1
bgah-bahb 1
1072
1
hbg-bahc 1
1073
5
behd-bahd 1
efa-bahd 1
dii-bahd 1
beij-bahd 2
dbb-bahd 11
1074
1
bcdi-bahe 1
1075
2
bagd-bahf 1
ffi-bahf 1
1076
2
bgc-bahg 1
gjc-bahg 4
1077
4
bedg-bahh 1
bahg-bahh 1
jab-bahh 1
hea-bahh 1
1078
4
hab-bahi 1
ghc-bahi 1
ceh-bahi 1
ia-bahi 1
1079
1
fbe-bahj 1
1080
2
bgg-baia 3
gaf-baia 2
1081
2
hih-baib 1
iac-baib 1
1082
3
iaa-baic 1
babi-baic 1
bcgg-baic 1
1083
1
bejd-baid 1
1084
5
chg-baie 1
efc-baie 1
iaf-baie 1
bade-baie 1
bai-baie 1
1085
1
jcb-baif 1
1086
4
hif-baig 1
edd-baig 1
ihc-baig 1
jgh-baig 1
1087
6
gcf-baih 1
bbgd-baih 1
eea-baih 1
bcej-baih 1
becj-baih 1
bcgf-baih 1
1088
2
bbab-baii 1
ffj-baii 1
1089
3
bha-baij 1
ife-baij 2
bfh-baij 1
1090
4
cdh-baja 1
bif-baja 1
bcfj-baja 1
cgg-baja 1
1091
3
bdfg-bajb 1
bafj-bajb 1
ji-bajb 1
1092
2
dhb-bajc 2
bbae-bajc 1
1093
3
bfjc-bajd 3
edc-bajd 1
hha-bajd 1
1094
4
gfi-baje 1
iej-baje 1
bdab-baje 1
hhe-baje 1
1095
4
bbgi-bajf 4
bcje-bajf 1
jeb-bajf 1
jcd-bajf 1
1096
1
fi-bajg 1
1097
2
bia-bajh 1
hba-bajh 1
1098
2
bhf-baji 1
baje-baji 1
1099
3
bajf-bajj 2
eci-bajj 1
ejh-bajj 1
1100
2
bcfa-bbaa 3
beeg-bbaa 1
1101
1
bbfc-bbab 1
1102
4
bejd-bbac 1
dce-bbac 5
iif-bbac 1
fed-bbac 1
1103
2
jbh-bbad 1
bbag-bbad 1
1104
6
gid-bbae 1
gc-bbae 2
bcfc-bbae 1
bgba-bbae 1
eah-bbae 1
hg-bbae 1
1105
1
eff-bbaf 1
1106
1
gff-bbag 1
1107
4
bfjh-bbah 1
cja-bbah 1
fhe-bbah 1
beci-bbah 1
1108
1
bhj-bbai 1
1109
1
ich-bbaj 1
1110
5
hde-bbba 1
cgd-bbba 1
babb-bbba 1
hdb-bbba 3
jid-bbba 1
1111
1
hed-bbbb 1
1113
3
baec-bbbd 1
bbh-bbbd 1
bgab-bbbd 1
1114
3
dhj-bbbe 1
bccj-bbbe 1
bcc-bbbe 1
1115
1
cef-bbbf 1
1116
2
icb-bbbg 1
ief-bbbg 1
1117
2
bagc-bbbh 1
ehg-bbbh 1
1118
1
bac-bbbi 1
1119
3
bahe-bbbj 1
big-bbbj 1
bgdj-bbbj 1
1120
2
jcc-bbca 1
bdd-bbca 1
1121
6
iee-bbcb 1
ccc-bbcb 1
jfd-bbcb 1
djj-bbcb 1
hih-bbcb 1
fbc-bbcb 1
1122
2
bgf-bbcc 1
hbd-bbcc 5
1123
2
baii-bbcd 1
gje-bbcd 4
1124
2
iff-bbce 1
gde-bbce 1
1125
2
fhc-bbcf 5
bbae-bbcf 1
1126
3
bdid-bbcg 1
fcg-bbcg 1
ccj-bbcg 1
1127
1
icb-bbch 1
1128
2
bie-bbci 1
babh-bbci 1
1129
2
hee-bbcj 1
bbbb-bbcj 1
1130
2
jde-bbda 1
ehh-bbda 1
1131
5
bfdj-bbdb 1
ifa-bbdb 1
hjj-bbdb 1
bbf-bbdb 1
idc-bbdb 1
1132
1
jh-bbdc 1
1133
5
beb-bbdd 1
gid-bbdd 1
fgh-bbdd 1
bci-bbdd 2
eii-bbdd 1
1134
1
jif-bbde 1
1135
2
baed-bbdf 1
gbi-bbdf 1
1136
3
bhc-bbdg 1
bid-bbdg 1
bgdc-bbdg 2
1137
3
bcjd-bbdh 1
eef-bbdh 1
ghb-bbdh 1
1138
3
bcba-bbdi 1
baee-bbdi 1
hbh-bbdi 1
1139
1
ghi-bbdj 1
1140
2
df-bbea 1
cga-bbea 1
1141
5
bbde-bbeb 3
bbae-bbeb 4
ihd-bbeb 7
ji-bbeb 2
bffc-bbeb 1
1142
1
bcie-bbec 1
1143
1
jc-bbed 1
1144
1
bdee-bbee 1
1145
4
fjf-bbef 1
ce-bbef 1
badd-bbef 1
fjb-bbef 1
1146
3
bgbc-bbeg 1
eca-bbeg 1
bcjg-bbeg 1
1147
1
eg-bbeh 1
1148
2
eif-bbei 1
gej-bbei 1
1149
3
fci-bbej 1
fja-bbej 1
bcbb-bbej 1
1150
1
bacc-bbfa 1
1151
4
bdah-bbfb 1
ghj-bbfb 1
baji-bbfb 1
bbgg-bbfb 1
1152
2
bfej-bbfc 1
ibh-bbfc 1
1153
4
bdje-bbfd 1
eaa-bbfd 1
bdcj-bbfd 1
ebc-bbfd 1
1154
2
chg-bbfe 1
bbgi-bbfe 1
1155
6
hg-bbff 1
bdjd-bbff 2
ihi-bbff 1
jig-bbff 1
fcc-bbff 1
dbh-bbff 1
1156
3
bfee-bbfg 2
fea-bbfg 1
eee-bbfg 1
1157
3
bbjg-bbfh 1
gec-bbfh 1
efd-bbfh 1
1158
3
bace-bbfi 1
bfhb-bbfi 1
bbej-bbfi 2
1159
4
cbc-bbfj 1
babh-bbfj 1
cje-bbfj 1
ifc-bbfj 4
1160
2
jbc-bbga 3
eji-bbga 1
1161
4
hgd-bbgb 1
hi-bbgb 1
jff-bbgb 1
iic-bbgb 1
1162
1
bafa-bbgc 1
1163
1
bgag-bbgd 1
1164
4
ihg-bbge 1
eb-bbge 1
bbff-bbge 1
ddd-bbge 1
1165
1
fcj-bbgf 1
1166
4
bcde-bbgg 1
ca-bbgg 1
bdai-bbgg 1
gfh-bbgg 1
1167
1
bbei-bbgh 1
1168
4
jgi-bbgi 3
bfi-bbgi 1
jab-bbgi 1
bdgi-bbgi 1
1169
3
bejh-bbgj 1
eah-bbgj 1
bbcj-bbgj 1
1170
2
begi-bbha 1
fbe-bbha 1
1171
2
djd-bbhb 1
iec-bbhb 2
1172
1
cbh-bbhc 1
1173
4
bdb-bbhd 1
ece-bbhd 1
j-bbhd 1
bced-bbhd 1
1174
4
id-bbhe 1
fh-bbhe 1
gfe-bbhe 1
bbgb-bbhe 1
1175
3
dia-bbhf 7
bfec-bbhf 1
baif-bbhf 1
1177
2
beee-bbhh 3
bcjf-bbhh 1
1178
2
bfge-bbhi 1
hgi-bbhi 3
1180
3
ei-bbia 1
edb-bbia 1
ij-bbia 1
1181
1
bdi-bbib 1
1182
2
befc-bbic 1
iab-bbic 1
1183
1
bbdd-bbid 1
1184
3
bbhj-bbie 1
dee-bbie 1
def-bbie 1
1185
2
bij-bbif 1
dcj-bbif 1
1187
2
gc-bbih 1
bfd-bbih 1
1188
2
jhc-bbii 1
bfgf-bbii 1
1189
2
beci-bbij 2
bbdf-bbij 1
1190
2
bacb-bbja 1
fec-bbja 1
1191
1
ffj-bbjb 1
1192
2
ii-bbjc 1
bbha-bbjc 1
1193
1
jig-bbjd 1
1194
1
cbd-bbje 1
1195
4
fcj-bbjf 1
haj-bbjf 3
jbg-bbjf 1
dji-bbjf 1
1196
2
bagj-bbjg 1
bbfe-bbjg 1
1197
2
bcjb-bbjh 1
jih-bbjh 1
1198
3
ijh-bbji 4
hhi-bbji 1
bch-bbji 1
1200
2
bbie-bcaa 1
bgb-bcaa 4
1201
3
gce-bcab 1
dfi-bcab 1
bchi-bcab 1
1202
3
had-bcac 1
fa-bcac 1
hac-bcac 1
1203
3
bgcb-bcad 1
bdf-bcad 1
hcd-bcad 1
1204
2
ibg-bcae 1
bdaj-bcae 1
1205
2
bcda-bcaf 2
bbha-bcaf 1
1206
2
bgch-bcag 1
babb-bcag 1
1207
1
eed-bcah 1
1208
1
bbcj-bcai 1
1209
1
bbji-bcaj 1
1210
2
gfc-bcba 1
ejb-bcba 1
1211
3
die-bcbb 1
hag-bcbb 1
bdbj-bcbb 1
1212
5
ef-bcbc 1
bbai-bcbc 1
bafj-bcbc 2
dbe-bcbc 1
bcij-bcbc 1
1213
1
baca-bcbd 1
1214
2
gda-bcbe 1
bdd-bcbe 1
1215
2
igc-bcbf 1
bged-bcbf 1
1216
3
dbh-bcbg 1
behc-bcbg 1
iea-bcbg 1
1218
3
jcf-bcbi 1
jdd-bcbi 1
bfcf-bcbi 1
1219
2
hjj-bcbj 1
hgc-bcbj 1
1220
4
behj-bcca 1
jfe-bcca 14
fb-bcca 1
bdhj-bcca 1
1221
2
cid-bccb 1
egb-bccb 1
1223
3
bfed-bccd 1
behg-bccd 1
ced-bccd 1
1224
2
eci-bcce 1
iib-bcce 1
1225
2
bajb-bccf 1
bfhd-bccf 1
1226
2
badf-bccg 1
begg-bccg 1
1228
2
hjd-bcci 2
bcae-bcci 1
1229
5
hci-bccj 1
cfg-bccj 1
bg-bccj 1
gbe-bccj 2
dci-bccj 1
1230
3
beii-bcda 1
dh-bcda 2
ijd-bcda 1
1231
3
bbeb-bcdb 4
bddd-bcdb 1
baci-bcdb 1
1232
4
bfga-bcdc 1
bccd-bcdc 2
ghb-bcdc 1
bcj-bcdc 1
1233
3
bdid-bcdd 1
bagh-bcdd 1
bbfh-bcdd 1
1234
5
beje-bcde 1
bcha-bcde 1
baji-bcde 1
gic-bcde 1
cba-bcde 1
1235
1
bbef-bcdf 1
1236
3
chc-bcdg 1
hjc-bcdg 1
jje-bcdg 1
1237
1
faf-bcdh 1
1238
2
hee-bcdi 1
cfg-bcdi 1
1239
1
fdb-bcdj 1
1240
1
becb-bcea 1
1241
1
idj-bceb 1
1243
1
bcjd-bced 1
1244
4
ejh-bcee 1
ffd-bcee 1
iai-bcee 1
bdja-bcee 1
1245
1
fbj-bcef 1
1246
1
cca-bceg 1
1247
2
bbdf-bceh 1
bdae-bceh 1
1248
1
bci-bcei 1
1249
3
ef-bcej 1
jfh-bcej 1
gif-bcej 1
1250
2
djh-bcfa 1
jfh-bcfa 2
1252
1
cig-bcfc 1
1253
2
beie-bcfd 1
idg-bcfd 1
1255
4
iie-bcff 1
hfh-bcff 1
ddd-bcff 1
begg-bcff 1
1256
1
fjj-bcfg 1
1257
1
egd-bcfh 1
1258
1
ihe-bcfi 1
1259
3
bchb-bcfj 1
cig-bcfj 1
ibc-bcfj 1
1261
2
jae-bcgb 1
eai-bcgb 1
1262
2
bahc-bcgc 1
beih-bcgc 1
1263
1
gba-bcgd 1
1264
2
baih-bcge 1
bgh-bcge 3
1265
1
bbga-bcgf 1
1266
2
bfhf-bcgg 2
beej-bcgg 1
1267
2
cbj-bcgh 1
bdjg-bcgh 1
1268
3
bge-bcgi 1
hce-bcgi 1
fca-bcgi 1
1269
3
beae-bcgj 1
bdbg-bcgj 1
bfci-bcgj 1
1270
1
deh-bcha 1
1271
2
bdfj-bchb 1
hhd-bchb 1
1272
2
bdb-bchc 1
cej-bchc 1
1273
2
bdaf-bchd 1
jbd-bchd 1
1274
2
gcd-bche 1
becg-bche 1
1275
2
hdj-bchf 1
bfag-bchf 1
1276
4
bebi-bchg 2
hhj-bchg 1
idc-bchg 1
hga-bchg 1
1277
5
hhi-bchh 1
bbij-bchh 1
cjb-bchh 1
bcjj-bchh 1
bcjb-bchh 1
1278
2
ifh-bchi 1
bcdj-bchi 1
1279
1
jcd-bchj 1
1280
4
hhg-bcia 1
hid-bcia 1
ibc-bcia 1
bgec-bcia 1
1281
3
bfgd-bcib 1
bje-bcib 1
dde-bcib 1
1284
2
bbgh-bcie 1
eic-bcie 1
1285
2
bdjb-bcif 1
jhh-bcif 1
1286
1
fae-bcig 1
1287
1
cae-bcih 1
1288
3
bafh-bcii 1
jeh-bcii 1
cga-bcii 1
1289
1
ebd-bcij 1
1290
3
bbfi-bcja 1
ica-bcja 1
hhd-bcja 1
1291
2
bcaa-bcjb 1
dba-bcjb 1
1292
2
bbdg-bcjc 4
bbaf-bcjc 1
1293
1
hdf-bcjd 1
1294
1
bbfh-bcje 1
1295
3
bedc-bcjf 1
bdjc-bcjf 1
dde-bcjf 1
1296
2
eii-bcjg 1
jce-bcjg 1
1298
1
ida-bcji 1
1299
2
fig-bcjj 1
bfgi-bcjj 1
1300
3
eba-bdaa 1
edh-bdaa 1
gcj-bdaa 1
1301
2
bdib-bdab 3
iji-bdab 1
1302
2
cgb-bdac 1
gba-bdac 2
1303
2
ch-bdad 1
dja-bdad 2
1304
2
bahi-bdae 3
bbif-bdae 1
1305
1
ga-bdaf 1
1307
1
ibd-bdah 1
1308
2
baij-bdai 1
bajh-bdai 1
1309
2
hed-bdaj 1
je-bdaj 1
1310
1
bbch-bdba 1
1312
1
bcgf-bdbc 1
1314
1
hh-bdbe 1
1315
1
hf-bdbf 1
1316
3
bfii-bdbg 1
ddc-bdbg 1
hdj-bdbg 1
1317
1
jhg-bdbh 1
1318
2
bfbc-bdbi 1
dbc-bdbi 3
1319
4
jfa-bdbj 1
bbci-bdbj 1
gid-bdbj 1
dhe-bdbj 1
1320
1
fej-bdca 1
1321
2
ibj-bdcb 1
cii-bdcb 1
1322
2
bdhf-bdcc 1
iig-bdcc 1
1323
2
bbcb-bdcd 4
bdgd-bdcd 1
1324
1
jfc-bdce 1
1325
1
faa-bdcf 1
1326
1
bce-bdcg 1
1327
2
cac-bdch 1
hgc-bdch 1
1328
2
ci-bdci 1
efh-bdci 1
1329
2
feb-bdcj 1
jjc-bdcj 1
1330
2
bebj-bdda 1
efh-bdda 1
1333
2
bcbf-bddd 1
daa-bddd 1
1334
2
jif-bdde 1
bid-bdde 1
1335
2
bbbg-bddf 1
bbcc-bddf 1
1336
1
badj-bddg 1
1337
1
bffa-bddh 1
1338
1
fjg-bddi 1
1339
3
bj-bddj 1
bcaf-bddj 5
bbbe-bddj 4
1340
1
dc-bdea 1
1341
2
jaf-bdeb 1
bdif-bdeb 1
1342
4
bfaf-bdec 2
cca-bdec 1
ida-bdec 1
bfeg-bdec 1
1343
1
befd-bded 1
1344
3
bcie-bdee 1
cgc-bdee 1
gii-bdee 3
1345
2
hbe-bdef 1
bbeg-bdef 1
1346
3
bgfb-bdeg 1
hdh-bdeg 1
iai-bdeg 1
1347
1
cfc-bdeh 1
1348
1
bccd-bdei 1
1349
2
bfaa-bdej 1
jag-bdej 1
1350
3
bje-bdfa 1
jjf-bdfa 1
hdb-bdfa 1
1351
1
ijg-bdfb 1
1352
1
hdc-bdfc 1
1353
2
efb-bdfd 1
bec-bdfd 1
1354
2
gdf-bdfe 1
bfeg-bdfe 1
1355
1
jga-bdff 1
1356
2
bdic-bdfg 1
bib-bdfg 1
1357
2
bacc-bdfh 1
bege-bdfh 1
1358
2
jcf-bdfi 1
becc-bdfi 2
1359
2
hae-bdfj 1
bbjf-bdfj 1
1360
4
bafa-bdga 1
begc-bdga 1
ihf-bdga 1
ehh-bdga 1
1361
3
bead-bdgb 2
fca-bdgb 1
hig-bdgb 1
1362
2
eba-bdgc 1
bcbd-bdgc 1
1363
1
gbc-bdgd 1
1364
1
baej-bdge 1
1365
2
fcc-bdgf 1
bfbe-bdgf 1
1366
1
fbh-bdgg 1
1367
2
eea-bdgh 1
ghj-bdgh 1
1368
2
bdjb-bdgi 1
bdj-bdgi 2
1369
1
bgdi-bdgj 1
1370
2
daj-bdha 1
behi-bdha 1
1371
2
hbh-bdhb 1
haf-bdhb 1
1372
2
jei-bdhc 1
bahg-bdhc 3
1373
2
bae-bdhd 1
bcbg-bdhd 1
1374
4
ecc-bdhe 1
baia-bdhe 1
bagb-bdhe 7
jjj-bdhe 1
1375
2
bcdh-bdhf 1
bfae-bdhf 1
1376
1
efd-bdhg 1
1377
1
bdfd-bdhh 1
1378
3
ihe-bdhi 1
hb-bdhi 1
ccf-bdhi 2
1379
1
iah-bdhj 1
1380
2
jgg-bdia 1
bgff-bdia 1
1381
1
bcfi-bdib 1
1382
1
hhg-bdic 1
1383
1
beh-bdid 1
1384
1
igc-bdie 1
1385
2
f-bdif 1
fgc-bdif 1
1386
2
bajc-bdig 1
bdge-bdig 7
1388
2
cch-bdii 1
fbg-bdii 1
1389
1
fbg-bdij 1
1390
2
bbhb-bdja 2
bdeb-bdja 1
1391
1
bchd-bdjb 1
1392
2
bfbb-bdjc 1
ifh-bdjc 1
1393
1
eca-bdjd 1
1394
2
cge-bdje 3
bacj-bdje 1
1395
1
jig-bdjf 1
1396
1
bdef-bdjg 1
1397
2
bfdf-bdjh 1
baj-bdjh 1
1398
1
egb-bdji 1
1399
1
bccf-bdjj 1
1400
2
eeb-beaa 1
bcfj-beaa 1
1401
2
baai-beab 2
bdde-beab 1
1403
2
bib-bead 1
bafg-bead 1
1404
1
bdch-beae 1
1405
1
geb-beaf 1
1406
1
cci-beag 1
1407
2
bgfc-beah 1
bche-beah 1
1408
1
ida-beai 1
1409
2
dea-beaj 1
bcea-beaj 1
1410
3
bbf-beba 1
bbcb-beba 1
bfg-beba 1
1411
1
bgf-bebb 1
1412
1
bbah-bebc 1
1413
2
babc-bebd 1
bejj-bebd 1
1414
1
bccd-bebe 1
1415
2
bbfj-bebf 1
ghb-bebf 1
1416
1
idj-bebg 1
1417
2
bbgc-bebh 1
dag-bebh 1
1418
1
fad-bebi 1
1419
1
bbec-bebj 1
1420
2
jjf-beca 1
ddg-beca 1
1421
2
bcg-becb 1
bfbj-becb 1
1422
2
bcc-becc 1
haf-becc 2
1423
2
fba-becd 1
bbii-becd 1
1424
1
fii-bece 1
1425
2
hce-becf 1
fed-becf 1
1426
1
bagi-becg 1
1427
1
dfj-bech 1
1428
1
bbgj-beci 1
1429
2
hec-becj 1
bdbi-becj 1
1430
3
cbd-beda 5
bc-beda 1
bfhh-beda 5
1431
1
bebd-bedb 1
1432
2
bfaj-bedc 3
baic-bedc 1
1433
1
ceg-bedd 1
1434
2
hf-bede 1
bbda-bede 1
1435
2
ebh-bedf 2
djf-bedf 1
1436
1
jbg-bedg 1
1437
2
bgai-bedh 1
baha-bedh 1
1438
1
iib-bedi 1
1439
1
igd-bedj 1
1441
2
bbee-beeb 1
hcf-beeb 1
1442
1
jba-beec 1
1443
3
bfih-beed 2
becd-beed 3
dgj-beed 1
1444
2
hhc-beee 1
eff-beee 3
1445
2
hhf-beef 1
icf-beef 1
1446
2
he-beeg 1
bdeb-beeg 1
1447
1
bdgc-beeh 1
1448
1
bdcg-beei 1
1449
1
cge-beej 1
1450
2
cbc-befa 2
ebe-befa 1
1451
1
babd-befb 1
1452
1
bchf-befc 1
1453
3
dci-befd 1
iia-befd 1
chj-befd 1
1454
1
fif-befe 1
1455
2
fid-beff 2
hc-beff 1
1456
1
bah-befg 1
1459
1
bdgc-befj 1
1460
1
gca-bega 1
1461
1
iie-begb 1
1462
2
bgad-begc 1
ghf-begc 1
1463
1
bdgi-begd 1
1464
2
babb-bege 1
bdci-bege 1
1466
2
bfai-begg 1
ifb-begg 1
1467
1
eac-begh 1
1468
1
cff-begi 1
1469
2
bbfb-begj 1
eef-begj 1
1470
3
hcj-beha 1
bebd-beha 1
cji-beha 1
1471
1
bfdh-behb 1
1472
1
ifa-behc 1
1473
1
eda-behd 1
1474
3
baja-behe 1
ihd-behe 1
bgaa-behe 1
1475
1
hdf-behf 1
1476
1
iei-behg 1
1477
1
bcgg-behh 1
1478
2
bgde-behi 1
bjh-behi 1
1479
2
dcd-behj 1
ihb-behj 1
1480
1
ffd-beia 1
1481
1
bdaj-beib 1
1482
3
dg-beic 1
bbb-beic 1
ec-beic 1
1483
2
iai-beid 1
bdje-beid 1
1485
3
gab-beif 6
cii-beif 1
hfb-beif 1
1486
1
bedd-beig 1
1487
2
dcc-beih 1
ijd-beih 2
1488
1
cbe-beii 1
1489
1
bah-beij 1
1490
1
cid-beja 1
1491
1
bace-bejb 1
1493
1
badc-bejd 1
1494
1
baag-beje 1
1495
1
jhi-bejf 1
1496
2
cha-bejg 1
bcag-bejg 1
1497
1
bdaa-bejh 1
1498
2
dcf-beji 1
ifa-beji 1
1499
1
cdg-bejj 1
1500
2
ccd-bfaa 2
bhf-bfaa 1
1501
1
fbi-bfab 1
1503
1
jhc-bfad 1
1504
3
ecc-bfae 1
bfah-bfae 1
bai-bfae 1
1505
2
bedh-bfaf 1
hbb-bfaf 1
1506
2
bdad-bfag 1
jai-bfag 1
1507
1
jbf-bfah 1
1508
1
bcaj-bfai 1
1509
1
bcjd-bfaj 1
1510
1
bdgg-bfba 1
1511
1
hda-bfbb 1
1512
1
ijd-bfbc 1
1513
3
bbjd-bfbd 2
dcg-bfbd 1
fia-bfbd 1
1514
1
behh-bfbe 1
1515
2
efe-bfbf 2
bdga-bfbf 1
1516
1
hih-bfbg 1
1518
1
jjc-bfbi 1
1519
1
beif-bfbj 1
1520
1
ghc-bfca 1
1521
3
gfa-bfcb 1
gaj-bfcb 7
bbba-bfcb 3
1522
1
gga-bfcc 1
1523
3
ggc-bfcd 1
bcdc-bfcd 1
bdbj-bfcd 1
1524
1
jh-bfce 1
1525
1
bca-bfcf 1
1526
3
bfgg-bfcg 1
cjc-bfcg 1
bgdj-bfcg 1
1527
1
bafe-bfch 1
1528
1
fjb-bfci 1
1529
2
gh-bfcj 2
dif-bfcj 1
1530
2
baai-bfda 1
bgce-bfda 1
1531
1
iih-bfdb 1
1532
1
bfbc-bfdc 1
1534
1
jgf-bfde 1
1535
1
ddf-bfdf 1
1536
1
bdfi-bfdg 1
1537
1
bdec-bfdh 1
1538
2
fgc-bfdi 1
ihc-bfdi 1
1539
2
dgg-bfdj 1
bddd-bfdj 1
1540
1
jdg-bfea 1
1541
1
ggf-bfeb 1
1542
2
bdge-bfec 1
edg-bfec 1
1543
2
iia-bfed 5
iea-bfed 3
1544
2
dae-bfee 1
fhi-bfee 1
1545
4
faa-bfef 1
bgda-bfef 1
bgaf-bfef 1
ied-bfef 1
1546
1
dfb-bfeg 1
1547
1
fdc-bfeh 1
1548
1
cbf-bfei 1
1549
1
bdia-bfej 1
1550
1
iab-bffa 1
1551
1
bda-bffb 1
1552
1
iai-bffc 1
1555
1
becg-bfff 1
1556
1
gci-bffg 1
1557
1
ghi-bffh 1
1558
1
ed-bffi 1
1559
1
eda-bffj 1
1560
2
dcg-bfga 1
bfj-bfga 1
1561
2
beif-bfgb 3
bcfj-bfgb 1
1562
1
bdac-bfgc 1
1563
1
ihj-bfgd 1
1564
1
chj-bfge 1
1565
2
bgga-bfgf 1
eig-bfgf 1
1566
1
ec-bfgg 1
1567
1
bbie-bfgh 1
1568
3
bgej-bfgi 2
fea-bfgi 1
bgee-bfgi 1
1570
1
cga-bfha 1
1571
1
bhg-bfhb 1
1572
1
dgd-bfhc 1
1573
1
bdgb-bfhd 1
1574
1
bfi-bfhe 1
1575
2
jjj-bfhf 2
ded-bfhf 1
1576
2
ibi-bfhg 1
bfhi-bfhg 1
1577
1
ibh-bfhh 1
1578
1
ice-bfhi 1
1579
2
bejj-bfhj 1
gih-bfhj 1
1580
1
df-bfia 1
1581
1
bdca-bfib 1
1582
2
igc-bfic 1
bgfg-bfic 1
1583
1
hfa-bfid 1
1584
1
ceh-bfie 1
1585
2
dfi-bfif 6
caa-bfif 1
1587
1
cif-bfih 1
1588
2
hjg-bfii 1
edc-bfii 1
1589
1
gih-bfij 1
1590
1
bie-bfja 1
1591
1
icj-bfjb 1
1592
1
bej-bfjc 1
1593
1
bajd-bfjd 1
1594
1
bfba-bfje 1
1595
1
cdg-bfjf 1
1596
1
bdej-bfjg 1
1599
1
hhg-bfjj 1
1600
1
bcdd-bgaa 1
1601
1
fga-bgab 1
1602
1
babg-bgac 1
1603
1
bdba-bgad 1
1604
1
bajd-bgae 1
1605
1
beab-bgaf 1
1606
1
bed-bgag 1
1607
1
bdhi-bgah 1
1608
1
baji-bgai 1
1609
1
egb-bgaj 1
1610
1
ddd-bgba 1
1611
1
dib-bgbb 1
1612
1
bba-bgbc 1
1613
2
bfje-bgbd 1
bfb-bgbd 1
1614
1
bfhe-bgbe 1
1615
1
bbfa-bgbf 1
1616
1
dff-bgbg 1
1617
2
bgfh-bgbh 2
ece-bgbh 1
1618
1
bfjc-bgbi 1
1619
1
cbj-bgbj 1
1620
1
hjh-bgca 1
1621
1
icd-bgcb 1
1622
2
bdbe-bgcc 1
dga-bgcc 1
1624
1
bacd-bgce 1
1625
1
cib-bgcf 1
1626
1
cba-bgcg 1
1627
1
cga-bgch 1
1628
2
hje-bgci 4
bda-bgci 1
1629
1
beeg-bgcj 1
1630
1
bcai-bgda 1
1631
1
jdd-bgdb 1
1632
1
gbb-bgdc 1
1633
2
bhf-bgdd 1
ede-bgdd 1
1634
1
beic-bgde 1
1635
1
bbia-bgdf 1
1636
1
baf-bgdg 1
1637
1
hhh-bgdh 1
1638
2
jdi-bgdi 1
bach-bgdi 1
1639
1
jdb-bgdj 1
1640
1
bcia-bgea 1
1641
1
ega-bgeb 1
1642
2
bacg-bgec 1
djd-bgec 2
1643
1
behi-bged 1
1644
1
hjf-bgee 1
1645
1
fed-bgef 1
1646
1
baca-bgeg 1
1647
1
bece-bgeh 1
1648
1
bgca-bgei 1
1649
1
jej-bgej 1
1650
1
bddj-bgfa 1
1651
1
bhh-bgfb 1
1652
1
bfjg-bgfc 1
1653
2
ddb-bgfd 1
gif-bgfd 1
1654
1
bfcf-bgfe 1
1655
1
bcgh-bgff 1
1656
1
bce-bgfg 1
1657
1
bgbi-bgfh 1
1658
1
bie-bgfi 1
1659
1
eef-bgfj 1
1660
1
bdhi-bgga 1
1661
1
bdhg-bggb 1
